<?xml version="1.0" encoding="UTF-8"?>
<testsuite xmlns:xsi="http://www.w3.org/2001/XMLSchema-instance" xsi:noNamespaceSchemaLocation="https://maven.apache.org/surefire/maven-surefire-plugin/xsd/surefire-test-report-3.0.xsd" version="3.0" name="org.acme.getting.started.GreetingResourceTest" time="12.975" tests="2" errors="0" skipped="0" failures="0">
  <properties>
[...]
</properties>
  <testcase name="testHelloEndpoint" classname="org.acme.getting.started.GreetingResourceTest" time="1.716">
    <system-out><![CDATA[Downloading from central: https://repo.maven.apache.org/maven2/io/quarkus/quarkus-resteasy-deployment/1.9.0.Final/quarkus-resteasy-deployment-1.9.0.Final.pom
Progress (1): quarkus-resteasy-deployment-1.9.0.Final.pom (2.7/3.8 kB)Progress (1): quarkus-resteasy-deployment-1.9.0.Final.pom (3.8 kB)                                                                      Downloaded from central: https://repo.maven.apache.org/maven2/io/quarkus/quarkus-resteasy-deployment/1.9.0.Final/quarkus-resteasy-deployment-1.9.0.Final.pom (3.8 kB at 5.9 kB/s)
Downloading from central: https://repo.maven.apache.org/maven2/io/quarkus/quarkus-resteasy-server-common-deployment/1.9.0.Final/quarkus-resteasy-server-common-deployment-1.9.0.Final.pom
Progress (1): quarkus-resteasy-server-common-deployment-1.9.0.Final.pom (2.2 kB)                                                                                Downloaded from central: https://repo.maven.apache.org/maven2/io/quarkus/quarkus-resteasy-server-common-deployment/1.9.0.Final/quarkus-resteasy-server-common-deployment-1.9.0.Final.pom (2.2 kB at 16 kB/s)
Downloading from central: https://repo.maven.apache.org/maven2/org/jsoup/jsoup/1.11.3/jsoup-1.11.3.pom
Progress (1): jsoup-1.11.3.pom (2.7/8.3 kB)Progress (1): jsoup-1.11.3.pom (5.5/8.3 kB)Progress (1): jsoup-1.11.3.pom (8.2/8.3 kB)Progress (1): jsoup-1.11.3.pom (8.3 kB)                                           Downloaded from central: https://repo.maven.apache.org/maven2/org/jsoup/jsoup/1.11.3/jsoup-1.11.3.pom (8.3 kB at 62 kB/s)
Downloading from central: https://repo.maven.apache.org/maven2/io/quarkus/quarkus-resteasy-common-deployment/1.9.0.Final/quarkus-resteasy-common-deployment-1.9.0.Final.pom
Progress (1): quarkus-resteasy-common-deployment-1.9.0.Final.pom (1.9 kB)                                                                         Downloaded from central: https://repo.maven.apache.org/maven2/io/quarkus/quarkus-resteasy-common-deployment/1.9.0.Final/quarkus-resteasy-common-deployment-1.9.0.Final.pom (1.9 kB at 14 kB/s)
Downloading from central: https://repo.maven.apache.org/maven2/io/quarkus/quarkus-resteasy-common-spi/1.9.0.Final/quarkus-resteasy-common-spi-1.9.0.Final.pom
Progress (1): quarkus-resteasy-common-spi-1.9.0.Final.pom (817 B)                                                                 Downloaded from central: https://repo.maven.apache.org/maven2/io/quarkus/quarkus-resteasy-common-spi/1.9.0.Final/quarkus-resteasy-common-spi-1.9.0.Final.pom (817 B at 6.2 kB/s)
Downloading from central: https://repo.maven.apache.org/maven2/io/quarkus/quarkus-arc-deployment/1.9.0.Final/quarkus-arc-deployment-1.9.0.Final.pom
Progress (1): quarkus-arc-deployment-1.9.0.Final.pom (1.6 kB)                                                             Downloaded from central: https://repo.maven.apache.org/maven2/io/quarkus/quarkus-arc-deployment/1.9.0.Final/quarkus-arc-deployment-1.9.0.Final.pom (1.6 kB at 12 kB/s)
Downloading from central: https://repo.maven.apache.org/maven2/io/quarkus/arc/arc-processor/1.9.0.Final/arc-processor-1.9.0.Final.pom
Progress (1): arc-processor-1.9.0.Final.pom (1.8 kB)                                                    Downloaded from central: https://repo.maven.apache.org/maven2/io/quarkus/arc/arc-processor/1.9.0.Final/arc-processor-1.9.0.Final.pom (1.8 kB at 13 kB/s)
Downloading from central: https://repo.maven.apache.org/maven2/io/quarkus/quarkus-resteasy-server-common-spi/1.9.0.Final/quarkus-resteasy-server-common-spi-1.9.0.Final.pom
Progress (1): quarkus-resteasy-server-common-spi-1.9.0.Final.pom (889 B)                                                                        Downloaded from central: https://repo.maven.apache.org/maven2/io/quarkus/quarkus-resteasy-server-common-spi/1.9.0.Final/quarkus-resteasy-server-common-spi-1.9.0.Final.pom (889 B at 7.3 kB/s)
Downloading from central: https://repo.maven.apache.org/maven2/io/quarkus/quarkus-undertow-spi/1.9.0.Final/quarkus-undertow-spi-1.9.0.Final.pom
Progress (1): quarkus-undertow-spi-1.9.0.Final.pom (2.0 kB)                                                           Downloaded from central: https://repo.maven.apache.org/maven2/io/quarkus/quarkus-undertow-spi/1.9.0.Final/quarkus-undertow-spi-1.9.0.Final.pom (2.0 kB at 17 kB/s)
Downloading from central: https://repo.maven.apache.org/maven2/io/quarkus/quarkus-http-parent/1.9.0.Final/quarkus-http-parent-1.9.0.Final.pom
Progress (1): quarkus-http-parent-1.9.0.Final.pom (769 B)                                                         Downloaded from central: https://repo.maven.apache.org/maven2/io/quarkus/quarkus-http-parent/1.9.0.Final/quarkus-http-parent-1.9.0.Final.pom (769 B at 6.1 kB/s)
Downloading from central: https://repo.maven.apache.org/maven2/io/quarkus/http/quarkus-http-servlet/3.0.15.Final/quarkus-http-servlet-3.0.15.Final.pom
Progress (1): quarkus-http-servlet-3.0.15.Final.pom (2.7/19 kB)Progress (1): quarkus-http-servlet-3.0.15.Final.pom (5.5/19 kB)Progress (1): quarkus-http-servlet-3.0.15.Final.pom (8.2/19 kB)Progress (1): quarkus-http-servlet-3.0.15.Final.pom (11/19 kB) Progress (1): quarkus-http-servlet-3.0.15.Final.pom (14/19 kB)Progress (1): quarkus-http-servlet-3.0.15.Final.pom (16/19 kB)Progress (1): quarkus-http-servlet-3.0.15.Final.pom (19/19 kB)Progress (1): quarkus-http-servlet-3.0.15.Final.pom (19 kB)                                                              Downloaded from central: https://repo.maven.apache.org/maven2/io/quarkus/http/quarkus-http-servlet/3.0.15.Final/quarkus-http-servlet-3.0.15.Final.pom (19 kB at 106 kB/s)
Downloading from central: https://repo.maven.apache.org/maven2/io/quarkus/http/quarkus-http-parent/3.0.15.Final/quarkus-http-parent-3.0.15.Final.pom
Progress (1): quarkus-http-parent-3.0.15.Final.pom (2.7/29 kB)Progress (1): quarkus-http-parent-3.0.15.Final.pom (5.5/29 kB)Progress (1): quarkus-http-parent-3.0.15.Final.pom (8.2/29 kB)Progress (1): quarkus-http-parent-3.0.15.Final.pom (11/29 kB) Progress (1): quarkus-http-parent-3.0.15.Final.pom (14/29 kB)Progress (1): quarkus-http-parent-3.0.15.Final.pom (16/29 kB)Progress (1): quarkus-http-parent-3.0.15.Final.pom (19/29 kB)Progress (1): quarkus-http-parent-3.0.15.Final.pom (22/29 kB)Progress (1): quarkus-http-parent-3.0.15.Final.pom (25/29 kB)Progress (1): quarkus-http-parent-3.0.15.Final.pom (27/29 kB)Progress (1): quarkus-http-parent-3.0.15.Final.pom (29 kB)                                                             Downloaded from central: https://repo.maven.apache.org/maven2/io/quarkus/http/quarkus-http-parent/3.0.15.Final/quarkus-http-parent-3.0.15.Final.pom (29 kB at 205 kB/s)
Downloading from central: https://repo.maven.apache.org/maven2/org/jboss/jboss-parent/28/jboss-parent-28.pom
Progress (1): jboss-parent-28.pom (2.7/35 kB)Progress (1): jboss-parent-28.pom (5.5/35 kB)Progress (1): jboss-parent-28.pom (8.2/35 kB)Progress (1): jboss-parent-28.pom (11/35 kB) Progress (1): jboss-parent-28.pom (14/35 kB)Progress (1): jboss-parent-28.pom (16/35 kB)Progress (1): jboss-parent-28.pom (19/35 kB)Progress (1): jboss-parent-28.pom (22/35 kB)Progress (1): jboss-parent-28.pom (25/35 kB)Progress (1): jboss-parent-28.pom (27/35 kB)Progress (1): jboss-parent-28.pom (30/35 kB)Progress (1): jboss-parent-28.pom (33/35 kB)Progress (1): jboss-parent-28.pom (35 kB)                                            Downloaded from central: https://repo.maven.apache.org/maven2/org/jboss/jboss-parent/28/jboss-parent-28.pom (35 kB at 247 kB/s)
Downloading from central: https://repo.maven.apache.org/maven2/io/quarkus/http/quarkus-http-core/3.0.15.Final/quarkus-http-core-3.0.15.Final.pom
Progress (1): quarkus-http-core-3.0.15.Final.pom (2.7/27 kB)Progress (1): quarkus-http-core-3.0.15.Final.pom (5.5/27 kB)Progress (1): quarkus-http-core-3.0.15.Final.pom (8.2/27 kB)Progress (1): quarkus-http-core-3.0.15.Final.pom (11/27 kB) Progress (1): quarkus-http-core-3.0.15.Final.pom (14/27 kB)Progress (1): quarkus-http-core-3.0.15.Final.pom (16/27 kB)Progress (1): quarkus-http-core-3.0.15.Final.pom (19/27 kB)Progress (1): quarkus-http-core-3.0.15.Final.pom (22/27 kB)Progress (1): quarkus-http-core-3.0.15.Final.pom (25/27 kB)Progress (1): quarkus-http-core-3.0.15.Final.pom (27 kB)                                                           Downloaded from central: https://repo.maven.apache.org/maven2/io/quarkus/http/quarkus-http-core/3.0.15.Final/quarkus-http-core-3.0.15.Final.pom (27 kB at 214 kB/s)
Downloading from central: https://repo.maven.apache.org/maven2/io/quarkus/http/quarkus-http-http-core/3.0.15.Final/quarkus-http-http-core-3.0.15.Final.pom
Progress (1): quarkus-http-http-core-3.0.15.Final.pom (2.7/4.9 kB)Progress (1): quarkus-http-http-core-3.0.15.Final.pom (4.9 kB)                                                                  Downloaded from central: https://repo.maven.apache.org/maven2/io/quarkus/http/quarkus-http-http-core/3.0.15.Final/quarkus-http-http-core-3.0.15.Final.pom (4.9 kB at 35 kB/s)
Downloading from central: https://repo.maven.apache.org/maven2/jakarta/servlet/jakarta.servlet-api/4.0.3/jakarta.servlet-api-4.0.3.pom
Progress (1): jakarta.servlet-api-4.0.3.pom (2.7/17 kB)Progress (1): jakarta.servlet-api-4.0.3.pom (5.5/17 kB)Progress (1): jakarta.servlet-api-4.0.3.pom (8.2/17 kB)Progress (1): jakarta.servlet-api-4.0.3.pom (11/17 kB) Progress (1): jakarta.servlet-api-4.0.3.pom (14/17 kB)Progress (1): jakarta.servlet-api-4.0.3.pom (16/17 kB)Progress (1): jakarta.servlet-api-4.0.3.pom (17 kB)                                                      Downloaded from central: https://repo.maven.apache.org/maven2/jakarta/servlet/jakarta.servlet-api/4.0.3/jakarta.servlet-api-4.0.3.pom (17 kB at 128 kB/s)
Downloading from central: https://repo.maven.apache.org/maven2/org/jboss/metadata/jboss-metadata-web/11.0.0.Final/jboss-metadata-web-11.0.0.Final.pom
Progress (1): jboss-metadata-web-11.0.0.Final.pom (2.7/4.7 kB)Progress (1): jboss-metadata-web-11.0.0.Final.pom (4.7 kB)                                                              Downloaded from central: https://repo.maven.apache.org/maven2/org/jboss/metadata/jboss-metadata-web/11.0.0.Final/jboss-metadata-web-11.0.0.Final.pom (4.7 kB at 34 kB/s)
Downloading from central: https://repo.maven.apache.org/maven2/org/jboss/metadata/jboss-as-parent-metadata/11.0.0.Final/jboss-as-parent-metadata-11.0.0.Final.pom
Progress (1): jboss-as-parent-metadata-11.0.0.Final.pom (2.7/17 kB)Progress (1): jboss-as-parent-metadata-11.0.0.Final.pom (5.5/17 kB)Progress (1): jboss-as-parent-metadata-11.0.0.Final.pom (8.2/17 kB)Progress (1): jboss-as-parent-metadata-11.0.0.Final.pom (11/17 kB) Progress (1): jboss-as-parent-metadata-11.0.0.Final.pom (14/17 kB)Progress (1): jboss-as-parent-metadata-11.0.0.Final.pom (16/17 kB)Progress (1): jboss-as-parent-metadata-11.0.0.Final.pom (17 kB)                                                                  Downloaded from central: https://repo.maven.apache.org/maven2/org/jboss/metadata/jboss-as-parent-metadata/11.0.0.Final/jboss-as-parent-metadata-11.0.0.Final.pom (17 kB at 133 kB/s)
Downloading from central: https://repo.maven.apache.org/maven2/org/jboss/jboss-parent/16/jboss-parent-16.pom
Progress (1): jboss-parent-16.pom (2.7/32 kB)Progress (1): jboss-parent-16.pom (5.5/32 kB)Progress (1): jboss-parent-16.pom (8.2/32 kB)Progress (1): jboss-parent-16.pom (11/32 kB) Progress (1): jboss-parent-16.pom (14/32 kB)Progress (1): jboss-parent-16.pom (16/32 kB)Progress (1): jboss-parent-16.pom (19/32 kB)Progress (1): jboss-parent-16.pom (22/32 kB)Progress (1): jboss-parent-16.pom (25/32 kB)Progress (1): jboss-parent-16.pom (27/32 kB)Progress (1): jboss-parent-16.pom (30/32 kB)Progress (1): jboss-parent-16.pom (32 kB)                                            Downloaded from central: https://repo.maven.apache.org/maven2/org/jboss/jboss-parent/16/jboss-parent-16.pom (32 kB at 237 kB/s)
Downloading from central: https://repo.maven.apache.org/maven2/org/jboss/metadata/jboss-metadata-common/11.0.0.Final/jboss-metadata-common-11.0.0.Final.pom
Progress (1): jboss-metadata-common-11.0.0.Final.pom (4.0 kB)                                                             Downloaded from central: https://repo.maven.apache.org/maven2/org/jboss/metadata/jboss-metadata-common/11.0.0.Final/jboss-metadata-common-11.0.0.Final.pom (4.0 kB at 32 kB/s)
Downloading from central: https://repo.maven.apache.org/maven2/io/quarkus/quarkus-vertx-http-deployment/1.9.0.Final/quarkus-vertx-http-deployment-1.9.0.Final.pom
Progress (1): quarkus-vertx-http-deployment-1.9.0.Final.pom (3.0 kB)                                                                    Downloaded from central: https://repo.maven.apache.org/maven2/io/quarkus/quarkus-vertx-http-deployment/1.9.0.Final/quarkus-vertx-http-deployment-1.9.0.Final.pom (3.0 kB at 20 kB/s)
Downloading from central: https://repo.maven.apache.org/maven2/io/quarkus/quarkus-vertx-core-deployment/1.9.0.Final/quarkus-vertx-core-deployment-1.9.0.Final.pom
Progress (1): quarkus-vertx-core-deployment-1.9.0.Final.pom (2.4 kB)                                                                    Downloaded from central: https://repo.maven.apache.org/maven2/io/quarkus/quarkus-vertx-core-deployment/1.9.0.Final/quarkus-vertx-core-deployment-1.9.0.Final.pom (2.4 kB at 17 kB/s)
Downloading from central: https://repo.maven.apache.org/maven2/io/quarkus/quarkus-netty-deployment/1.9.0.Final/quarkus-netty-deployment-1.9.0.Final.pom
Progress (1): quarkus-netty-deployment-1.9.0.Final.pom (1.6 kB)                                                               Downloaded from central: https://repo.maven.apache.org/maven2/io/quarkus/quarkus-netty-deployment/1.9.0.Final/quarkus-netty-deployment-1.9.0.Final.pom (1.6 kB at 13 kB/s)
Downloading from central: https://repo.maven.apache.org/maven2/io/quarkus/quarkus-kubernetes-spi/1.9.0.Final/quarkus-kubernetes-spi-1.9.0.Final.pom
Progress (1): quarkus-kubernetes-spi-1.9.0.Final.pom (1.2 kB)                                                             Downloaded from central: https://repo.maven.apache.org/maven2/io/quarkus/quarkus-kubernetes-spi/1.9.0.Final/quarkus-kubernetes-spi-1.9.0.Final.pom (1.2 kB at 9.6 kB/s)
Downloading from central: https://repo.maven.apache.org/maven2/io/quarkus/quarkus-kubernetes-parent/1.9.0.Final/quarkus-kubernetes-parent-1.9.0.Final.pom
Progress (1): quarkus-kubernetes-parent-1.9.0.Final.pom (809 B)                                                               Downloaded from central: https://repo.maven.apache.org/maven2/io/quarkus/quarkus-kubernetes-parent/1.9.0.Final/quarkus-kubernetes-parent-1.9.0.Final.pom (809 B at 5.9 kB/s)
Downloading from central: https://repo.maven.apache.org/maven2/io/quarkus/quarkus-security-spi/1.9.0.Final/quarkus-security-spi-1.9.0.Final.pom
Progress (1): quarkus-security-spi-1.9.0.Final.pom (1.4 kB)                                                           Downloaded from central: https://repo.maven.apache.org/maven2/io/quarkus/quarkus-security-spi/1.9.0.Final/quarkus-security-spi-1.9.0.Final.pom (1.4 kB at 11 kB/s)
Downloading from central: https://repo.maven.apache.org/maven2/io/quarkus/quarkus-resteasy-common-deployment/1.9.0.Final/quarkus-resteasy-common-deployment-1.9.0.Final.jar
Downloading from central: https://repo.maven.apache.org/maven2/io/quarkus/quarkus-resteasy-server-common-spi/1.9.0.Final/quarkus-resteasy-server-common-spi-1.9.0.Final.jar
Downloading from central: https://repo.maven.apache.org/maven2/io/quarkus/quarkus-resteasy-common-spi/1.9.0.Final/quarkus-resteasy-common-spi-1.9.0.Final.jar
Downloading from central: https://repo.maven.apache.org/maven2/io/quarkus/quarkus-resteasy-server-common-deployment/1.9.0.Final/quarkus-resteasy-server-common-deployment-1.9.0.Final.jar
Downloading from central: https://repo.maven.apache.org/maven2/io/quarkus/http/quarkus-http-http-core/3.0.15.Final/quarkus-http-http-core-3.0.15.Final.jar
Progress (1): quarkus-resteasy-common-spi-1.9.0.Final.jar (4.1/9.1 kB)Progress (1): quarkus-resteasy-common-spi-1.9.0.Final.jar (8.2/9.1 kB)Progress (1): quarkus-resteasy-common-spi-1.9.0.Final.jar (9.1 kB)                                                                      Downloaded from central: https://repo.maven.apache.org/maven2/io/quarkus/quarkus-resteasy-common-spi/1.9.0.Final/quarkus-resteasy-common-spi-1.9.0.Final.jar (9.1 kB at 68 kB/s)
Downloading from central: https://repo.maven.apache.org/maven2/io/quarkus/http/quarkus-http-core/3.0.15.Final/quarkus-http-core-3.0.15.Final.jar
Progress (1): quarkus-http-http-core-3.0.15.Final.jar (2.7/39 kB)Progress (1): quarkus-http-http-core-3.0.15.Final.jar (5.5/39 kB)Progress (1): quarkus-http-http-core-3.0.15.Final.jar (8.2/39 kB)Progress (1): quarkus-http-http-core-3.0.15.Final.jar (11/39 kB) Progress (2): quarkus-http-http-core-3.0.15.Final.jar (11/39 kB) | quarkus-resteasy-server-common-deployment-1.9.0.Final.jar (2.7/29 kB)Progress (2): quarkus-http-http-core-3.0.15.Final.jar (11/39 kB) | quarkus-resteasy-server-common-deployment-1.9.0.Final.jar (5.5/29 kB)Progress (3): quarkus-http-http-core-3.0.15.Final.jar (11/39 kB) | quarkus-resteasy-server-common-deployment-1.9.0.Final.jar (5.5/29 kB) | quarkus-resteasy-server-common-spi-1.9.0.Final.jar (2.7/6.3 kB)Progress (3): quarkus-http-http-core-3.0.15.Final.jar (11/39 kB) | quarkus-resteasy-server-common-deployment-1.9.0.Final.jar (8.2/29 kB) | quarkus-resteasy-server-common-spi-1.9.0.Final.jar (2.7/6.3 kB)Progress (3): quarkus-http-http-core-3.0.15.Final.jar (11/39 kB) | quarkus-resteasy-server-common-deployment-1.9.0.Final.jar (8.2/29 kB) | quarkus-resteasy-server-common-spi-1.9.0.Final.jar (5.5/6.3 kB)Progress (3): quarkus-http-http-core-3.0.15.Final.jar (11/39 kB) | quarkus-resteasy-server-common-deployment-1.9.0.Final.jar (11/29 kB) | quarkus-resteasy-server-common-spi-1.9.0.Final.jar (5.5/6.3 kB) Progress (3): quarkus-http-http-core-3.0.15.Final.jar (11/39 kB) | quarkus-resteasy-server-common-deployment-1.9.0.Final.jar (11/29 kB) | quarkus-resteasy-server-common-spi-1.9.0.Final.jar (6.3 kB)    Progress (4): quarkus-http-http-core-3.0.15.Final.jar (11/39 kB) | quarkus-resteasy-server-common-deployment-1.9.0.Final.jar (11/29 kB) | quarkus-resteasy-server-common-spi-1.9.0.Final.jar (6.3 kB) | quarkus-resteasy-common-deployment-1.9.0.Final.jar (2.7/20 kB)Progress (4): quarkus-http-http-core-3.0.15.Final.jar (11/39 kB) | quarkus-resteasy-server-common-deployment-1.9.0.Final.jar (11/29 kB) | quarkus-resteasy-server-common-spi-1.9.0.Final.jar (6.3 kB) | quarkus-resteasy-common-deployment-1.9.0.Final.jar (5.5/20 kB)Progress (4): quarkus-http-http-core-3.0.15.Final.jar (11/39 kB) | quarkus-resteasy-server-common-deployment-1.9.0.Final.jar (11/29 kB) | quarkus-resteasy-server-common-spi-1.9.0.Final.jar (6.3 kB) | quarkus-resteasy-common-deployment-1.9.0.Final.jar (8.2/20 kB)Progress (4): quarkus-http-http-core-3.0.15.Final.jar (11/39 kB) | quarkus-resteasy-server-common-deployment-1.9.0.Final.jar (11/29 kB) | quarkus-resteasy-server-common-spi-1.9.0.Final.jar (6.3 kB) | quarkus-resteasy-common-deployment-1.9.0.Final.jar (11/20 kB) Progress (5): quarkus-http-http-core-3.0.15.Final.jar (11/39 kB) | quarkus-resteasy-server-common-deployment-1.9.0.Final.jar (11/29 kB) | quarkus-resteasy-server-common-spi-1.9.0.Final.jar (6.3 kB) | quarkus-resteasy-common-deployment-1.9.0.Final.jar (11/20 kB) | quarkus-http-core-3.0.15.Final.jar (8.2/932 kB)Progress (5): quarkus-http-http-core-3.0.15.Final.jar (11/39 kB) | quarkus-resteasy-server-common-deployment-1.9.0.Final.jar (11/29 kB) | quarkus-resteasy-server-common-spi-1.9.0.Final.jar (6.3 kB) | quarkus-resteasy-common-deployment-1.9.0.Final.jar (11/20 kB) | quarkus-http-core-3.0.15.Final.jar (16/932 kB) Progress (5): quarkus-http-http-core-3.0.15.Final.jar (11/39 kB) | quarkus-resteasy-server-common-deployment-1.9.0.Final.jar (11/29 kB) | quarkus-resteasy-server-common-spi-1.9.0.Final.jar (6.3 kB) | quarkus-resteasy-common-deployment-1.9.0.Final.jar (11/20 kB) | quarkus-http-core-3.0.15.Final.jar (25/932 kB)Progress (5): quarkus-http-http-core-3.0.15.Final.jar (14/39 kB) | quarkus-resteasy-server-common-deployment-1.9.0.Final.jar (11/29 kB) | quarkus-resteasy-server-common-spi-1.9.0.Final.jar (6.3 kB) | quarkus-resteasy-common-deployment-1.9.0.Final.jar (11/20 kB) | quarkus-http-core-3.0.15.Final.jar (25/932 kB)Progress (5): quarkus-http-http-core-3.0.15.Final.jar (14/39 kB) | quarkus-resteasy-server-common-deployment-1.9.0.Final.jar (11/29 kB) | quarkus-resteasy-server-common-spi-1.9.0.Final.jar (6.3 kB) | quarkus-resteasy-common-deployment-1.9.0.Final.jar (11/20 kB) | quarkus-http-core-3.0.15.Final.jar (33/932 kB)Progress (5): quarkus-http-http-core-3.0.15.Final.jar (16/39 kB) | quarkus-resteasy-server-common-deployment-1.9.0.Final.jar (11/29 kB) | quarkus-resteasy-server-common-spi-1.9.0.Final.jar (6.3 kB) | quarkus-resteasy-common-deployment-1.9.0.Final.jar (11/20 kB) | quarkus-http-core-3.0.15.Final.jar (33/932 kB)Progress (5): quarkus-http-http-core-3.0.15.Final.jar (19/39 kB) | quarkus-resteasy-server-common-deployment-1.9.0.Final.jar (11/29 kB) | quarkus-resteasy-server-common-spi-1.9.0.Final.jar (6.3 kB) | quarkus-resteasy-common-deployment-1.9.0.Final.jar (11/20 kB) | quarkus-http-core-3.0.15.Final.jar (33/932 kB)Progress (5): quarkus-http-http-core-3.0.15.Final.jar (22/39 kB) | quarkus-resteasy-server-common-deployment-1.9.0.Final.jar (11/29 kB) | quarkus-resteasy-server-common-spi-1.9.0.Final.jar (6.3 kB) | quarkus-resteasy-common-deployment-1.9.0.Final.jar (11/20 kB) | quarkus-http-core-3.0.15.Final.jar (33/932 kB)Progress (5): quarkus-http-http-core-3.0.15.Final.jar (25/39 kB) | quarkus-resteasy-server-common-deployment-1.9.0.Final.jar (11/29 kB) | quarkus-resteasy-server-common-spi-1.9.0.Final.jar (6.3 kB) | quarkus-resteasy-common-deployment-1.9.0.Final.jar (11/20 kB) | quarkus-http-core-3.0.15.Final.jar (33/932 kB)Progress (5): quarkus-http-http-core-3.0.15.Final.jar (25/39 kB) | quarkus-resteasy-server-common-deployment-1.9.0.Final.jar (11/29 kB) | quarkus-resteasy-server-common-spi-1.9.0.Final.jar (6.3 kB) | quarkus-resteasy-common-deployment-1.9.0.Final.jar (11/20 kB) | quarkus-http-core-3.0.15.Final.jar (41/932 kB)Progress (5): quarkus-http-http-core-3.0.15.Final.jar (27/39 kB) | quarkus-resteasy-server-common-deployment-1.9.0.Final.jar (11/29 kB) | quarkus-resteasy-server-common-spi-1.9.0.Final.jar (6.3 kB) | quarkus-resteasy-common-deployment-1.9.0.Final.jar (11/20 kB) | quarkus-http-core-3.0.15.Final.jar (41/932 kB)Progress (5): quarkus-http-http-core-3.0.15.Final.jar (27/39 kB) | quarkus-resteasy-server-common-deployment-1.9.0.Final.jar (11/29 kB) | quarkus-resteasy-server-common-spi-1.9.0.Final.jar (6.3 kB) | quarkus-resteasy-common-deployment-1.9.0.Final.jar (11/20 kB) | quarkus-http-core-3.0.15.Final.jar (49/932 kB)Progress (5): quarkus-http-http-core-3.0.15.Final.jar (30/39 kB) | quarkus-resteasy-server-common-deployment-1.9.0.Final.jar (11/29 kB) | quarkus-resteasy-server-common-spi-1.9.0.Final.jar (6.3 kB) | quarkus-resteasy-common-deployment-1.9.0.Final.jar (11/20 kB) | quarkus-http-core-3.0.15.Final.jar (49/932 kB)Progress (5): quarkus-http-http-core-3.0.15.Final.jar (30/39 kB) | quarkus-resteasy-server-common-deployment-1.9.0.Final.jar (14/29 kB) | quarkus-resteasy-server-common-spi-1.9.0.Final.jar (6.3 kB) | quarkus-resteasy-common-deployment-1.9.0.Final.jar (11/20 kB) | quarkus-http-core-3.0.15.Final.jar (49/932 kB)Progress (5): quarkus-http-http-core-3.0.15.Final.jar (33/39 kB) | quarkus-resteasy-server-common-deployment-1.9.0.Final.jar (14/29 kB) | quarkus-resteasy-server-common-spi-1.9.0.Final.jar (6.3 kB) | quarkus-resteasy-common-deployment-1.9.0.Final.jar (11/20 kB) | quarkus-http-core-3.0.15.Final.jar (49/932 kB)Progress (5): quarkus-http-http-core-3.0.15.Final.jar (33/39 kB) | quarkus-resteasy-server-common-deployment-1.9.0.Final.jar (16/29 kB) | quarkus-resteasy-server-common-spi-1.9.0.Final.jar (6.3 kB) | quarkus-resteasy-common-deployment-1.9.0.Final.jar (11/20 kB) | quarkus-http-core-3.0.15.Final.jar (49/932 kB)Progress (5): quarkus-http-http-core-3.0.15.Final.jar (36/39 kB) | quarkus-resteasy-server-common-deployment-1.9.0.Final.jar (16/29 kB) | quarkus-resteasy-server-common-spi-1.9.0.Final.jar (6.3 kB) | quarkus-resteasy-common-deployment-1.9.0.Final.jar (11/20 kB) | quarkus-http-core-3.0.15.Final.jar (49/932 kB)Progress (5): quarkus-http-http-core-3.0.15.Final.jar (36/39 kB) | quarkus-resteasy-server-common-deployment-1.9.0.Final.jar (19/29 kB) | quarkus-resteasy-server-common-spi-1.9.0.Final.jar (6.3 kB) | quarkus-resteasy-common-deployment-1.9.0.Final.jar (11/20 kB) | quarkus-http-core-3.0.15.Final.jar (49/932 kB)Progress (5): quarkus-http-http-core-3.0.15.Final.jar (38/39 kB) | quarkus-resteasy-server-common-deployment-1.9.0.Final.jar (19/29 kB) | quarkus-resteasy-server-common-spi-1.9.0.Final.jar (6.3 kB) | quarkus-resteasy-common-deployment-1.9.0.Final.jar (11/20 kB) | quarkus-http-core-3.0.15.Final.jar (49/932 kB)Progress (5): quarkus-http-http-core-3.0.15.Final.jar (38/39 kB) | quarkus-resteasy-server-common-deployment-1.9.0.Final.jar (22/29 kB) | quarkus-resteasy-server-common-spi-1.9.0.Final.jar (6.3 kB) | quarkus-resteasy-common-deployment-1.9.0.Final.jar (11/20 kB) | quarkus-http-core-3.0.15.Final.jar (49/932 kB)Progress (5): quarkus-http-http-core-3.0.15.Final.jar (39 kB) | quarkus-resteasy-server-common-deployment-1.9.0.Final.jar (22/29 kB) | quarkus-resteasy-server-common-spi-1.9.0.Final.jar (6.3 kB) | quarkus-resteasy-common-deployment-1.9.0.Final.jar (11/20 kB) | quarkus-http-core-3.0.15.Final.jar (49/932 kB)   Progress (5): quarkus-http-http-core-3.0.15.Final.jar (39 kB) | quarkus-resteasy-server-common-deployment-1.9.0.Final.jar (25/29 kB) | quarkus-resteasy-server-common-spi-1.9.0.Final.jar (6.3 kB) | quarkus-resteasy-common-deployment-1.9.0.Final.jar (11/20 kB) | quarkus-http-core-3.0.15.Final.jar (49/932 kB)Progress (5): quarkus-http-http-core-3.0.15.Final.jar (39 kB) | quarkus-resteasy-server-common-deployment-1.9.0.Final.jar (27/29 kB) | quarkus-resteasy-server-common-spi-1.9.0.Final.jar (6.3 kB) | quarkus-resteasy-common-deployment-1.9.0.Final.jar (11/20 kB) | quarkus-http-core-3.0.15.Final.jar (49/932 kB)Progress (5): quarkus-http-http-core-3.0.15.Final.jar (39 kB) | quarkus-resteasy-server-common-deployment-1.9.0.Final.jar (29 kB) | quarkus-resteasy-server-common-spi-1.9.0.Final.jar (6.3 kB) | quarkus-resteasy-common-deployment-1.9.0.Final.jar (11/20 kB) | quarkus-http-core-3.0.15.Final.jar (49/932 kB)   Progress (5): quarkus-http-http-core-3.0.15.Final.jar (39 kB) | quarkus-resteasy-server-common-deployment-1.9.0.Final.jar (29 kB) | quarkus-resteasy-server-common-spi-1.9.0.Final.jar (6.3 kB) | quarkus-resteasy-common-deployment-1.9.0.Final.jar (14/20 kB) | quarkus-http-core-3.0.15.Final.jar (49/932 kB)Progress (5): quarkus-http-http-core-3.0.15.Final.jar (39 kB) | quarkus-resteasy-server-common-deployment-1.9.0.Final.jar (29 kB) | quarkus-resteasy-server-common-spi-1.9.0.Final.jar (6.3 kB) | quarkus-resteasy-common-deployment-1.9.0.Final.jar (16/20 kB) | quarkus-http-core-3.0.15.Final.jar (49/932 kB)Progress (5): quarkus-http-http-core-3.0.15.Final.jar (39 kB) | quarkus-resteasy-server-common-deployment-1.9.0.Final.jar (29 kB) | quarkus-resteasy-server-common-spi-1.9.0.Final.jar (6.3 kB) | quarkus-resteasy-common-deployment-1.9.0.Final.jar (19/20 kB) | quarkus-http-core-3.0.15.Final.jar (49/932 kB)                                                                                                                                                                                                                                                                                                                Downloaded from central: https://repo.maven.apache.org/maven2/io/quarkus/quarkus-resteasy-server-common-spi/1.9.0.Final/quarkus-resteasy-server-common-spi-1.9.0.Final.jar (6.3 kB at 25 kB/s)
Progress (4): quarkus-http-http-core-3.0.15.Final.jar (39 kB) | quarkus-resteasy-server-common-deployment-1.9.0.Final.jar (29 kB) | quarkus-resteasy-common-deployment-1.9.0.Final.jar (20 kB) | quarkus-http-core-3.0.15.Final.jar (49/932 kB)                                                                                                                                                                                                                                               Downloading from central: https://repo.maven.apache.org/maven2/io/quarkus/http/quarkus-http-servlet/3.0.15.Final/quarkus-http-servlet-3.0.15.Final.jar
Progress (4): quarkus-http-http-core-3.0.15.Final.jar (39 kB) | quarkus-resteasy-server-common-deployment-1.9.0.Final.jar (29 kB) | quarkus-resteasy-common-deployment-1.9.0.Final.jar (20 kB) | quarkus-http-core-3.0.15.Final.jar (57/932 kB)Progress (4): quarkus-http-http-core-3.0.15.Final.jar (39 kB) | quarkus-resteasy-server-common-deployment-1.9.0.Final.jar (29 kB) | quarkus-resteasy-common-deployment-1.9.0.Final.jar (20 kB) | quarkus-http-core-3.0.15.Final.jar (66/932 kB)Progress (4): quarkus-http-http-core-3.0.15.Final.jar (39 kB) | quarkus-resteasy-server-common-deployment-1.9.0.Final.jar (29 kB) | quarkus-resteasy-common-deployment-1.9.0.Final.jar (20 kB) | quarkus-http-core-3.0.15.Final.jar (74/932 kB)Progress (4): quarkus-http-http-core-3.0.15.Final.jar (39 kB) | quarkus-resteasy-server-common-deployment-1.9.0.Final.jar (29 kB) | quarkus-resteasy-common-deployment-1.9.0.Final.jar (20 kB) | quarkus-http-core-3.0.15.Final.jar (82/932 kB)Progress (4): quarkus-http-http-core-3.0.15.Final.jar (39 kB) | quarkus-resteasy-server-common-deployment-1.9.0.Final.jar (29 kB) | quarkus-resteasy-common-deployment-1.9.0.Final.jar (20 kB) | quarkus-http-core-3.0.15.Final.jar (90/932 kB)Progress (4): quarkus-http-http-core-3.0.15.Final.jar (39 kB) | quarkus-resteasy-server-common-deployment-1.9.0.Final.jar (29 kB) | quarkus-resteasy-common-deployment-1.9.0.Final.jar (20 kB) | quarkus-http-core-3.0.15.Final.jar (98/932 kB)Progress (4): quarkus-http-http-core-3.0.15.Final.jar (39 kB) | quarkus-resteasy-server-common-deployment-1.9.0.Final.jar (29 kB) | quarkus-resteasy-common-deployment-1.9.0.Final.jar (20 kB) | quarkus-http-core-3.0.15.Final.jar (106/932 kB)Progress (4): quarkus-http-http-core-3.0.15.Final.jar (39 kB) | quarkus-resteasy-server-common-deployment-1.9.0.Final.jar (29 kB) | quarkus-resteasy-common-deployment-1.9.0.Final.jar (20 kB) | quarkus-http-core-3.0.15.Final.jar (115/932 kB)                                                                                                                                                                                                                                                Downloaded from central: https://repo.maven.apache.org/maven2/io/quarkus/http/quarkus-http-http-core/3.0.15.Final/quarkus-http-http-core-3.0.15.Final.jar (39 kB at 129 kB/s)
Downloading from central: https://repo.maven.apache.org/maven2/jakarta/servlet/jakarta.servlet-api/4.0.3/jakarta.servlet-api-4.0.3.jar
Downloaded from central: https://repo.maven.apache.org/maven2/io/quarkus/quarkus-resteasy-server-common-deployment/1.9.0.Final/quarkus-resteasy-server-common-deployment-1.9.0.Final.jar (29 kB at 95 kB/s)
Downloading from central: https://repo.maven.apache.org/maven2/org/jboss/metadata/jboss-metadata-common/11.0.0.Final/jboss-metadata-common-11.0.0.Final.jar
Progress (2): quarkus-resteasy-common-deployment-1.9.0.Final.jar (20 kB) | quarkus-http-core-3.0.15.Final.jar (123/932 kB)Progress (2): quarkus-resteasy-common-deployment-1.9.0.Final.jar (20 kB) | quarkus-http-core-3.0.15.Final.jar (131/932 kB)Progress (2): quarkus-resteasy-common-deployment-1.9.0.Final.jar (20 kB) | quarkus-http-core-3.0.15.Final.jar (139/932 kB)Progress (2): quarkus-resteasy-common-deployment-1.9.0.Final.jar (20 kB) | quarkus-http-core-3.0.15.Final.jar (147/932 kB)                                                                                                                          Downloaded from central: https://repo.maven.apache.org/maven2/io/quarkus/quarkus-resteasy-common-deployment/1.9.0.Final/quarkus-resteasy-common-deployment-1.9.0.Final.jar (20 kB at 60 kB/s)
Downloading from central: https://repo.maven.apache.org/maven2/org/jboss/metadata/jboss-metadata-web/11.0.0.Final/jboss-metadata-web-11.0.0.Final.jar
Progress (2): quarkus-http-core-3.0.15.Final.jar (147/932 kB) | quarkus-http-servlet-3.0.15.Final.jar (2.7/498 kB)Progress (2): quarkus-http-core-3.0.15.Final.jar (156/932 kB) | quarkus-http-servlet-3.0.15.Final.jar (2.7/498 kB)Progress (2): quarkus-http-core-3.0.15.Final.jar (156/932 kB) | quarkus-http-servlet-3.0.15.Final.jar (5.5/498 kB)Progress (2): quarkus-http-core-3.0.15.Final.jar (156/932 kB) | quarkus-http-servlet-3.0.15.Final.jar (8.2/498 kB)Progress (2): quarkus-http-core-3.0.15.Final.jar (164/932 kB) | quarkus-http-servlet-3.0.15.Final.jar (8.2/498 kB)Progress (2): quarkus-http-core-3.0.15.Final.jar (164/932 kB) | quarkus-http-servlet-3.0.15.Final.jar (11/498 kB) Progress (2): quarkus-http-core-3.0.15.Final.jar (164/932 kB) | quarkus-http-servlet-3.0.15.Final.jar (14/498 kB)Progress (2): quarkus-http-core-3.0.15.Final.jar (164/932 kB) | quarkus-http-servlet-3.0.15.Final.jar (16/498 kB)Progress (2): quarkus-http-core-3.0.15.Final.jar (172/932 kB) | quarkus-http-servlet-3.0.15.Final.jar (16/498 kB)Progress (2): quarkus-http-core-3.0.15.Final.jar (172/932 kB) | quarkus-http-servlet-3.0.15.Final.jar (19/498 kB)Progress (2): quarkus-http-core-3.0.15.Final.jar (180/932 kB) | quarkus-http-servlet-3.0.15.Final.jar (19/498 kB)Progress (2): quarkus-http-core-3.0.15.Final.jar (180/932 kB) | quarkus-http-servlet-3.0.15.Final.jar (22/498 kB)Progress (2): quarkus-http-core-3.0.15.Final.jar (180/932 kB) | quarkus-http-servlet-3.0.15.Final.jar (25/498 kB)Progress (2): quarkus-http-core-3.0.15.Final.jar (180/932 kB) | quarkus-http-servlet-3.0.15.Final.jar (27/498 kB)Progress (2): quarkus-http-core-3.0.15.Final.jar (180/932 kB) | quarkus-http-servlet-3.0.15.Final.jar (30/498 kB)Progress (2): quarkus-http-core-3.0.15.Final.jar (180/932 kB) | quarkus-http-servlet-3.0.15.Final.jar (33/498 kB)Progress (3): quarkus-http-core-3.0.15.Final.jar (180/932 kB) | quarkus-http-servlet-3.0.15.Final.jar (33/498 kB) | jakarta.servlet-api-4.0.3.jar (2.7/83 kB)Progress (3): quarkus-http-core-3.0.15.Final.jar (180/932 kB) | quarkus-http-servlet-3.0.15.Final.jar (33/498 kB) | jakarta.servlet-api-4.0.3.jar (5.5/83 kB)Progress (3): quarkus-http-core-3.0.15.Final.jar (180/932 kB) | quarkus-http-servlet-3.0.15.Final.jar (33/498 kB) | jakarta.servlet-api-4.0.3.jar (8.2/83 kB)Progress (3): quarkus-http-core-3.0.15.Final.jar (180/932 kB) | quarkus-http-servlet-3.0.15.Final.jar (33/498 kB) | jakarta.servlet-api-4.0.3.jar (11/83 kB) Progress (3): quarkus-http-core-3.0.15.Final.jar (180/932 kB) | quarkus-http-servlet-3.0.15.Final.jar (33/498 kB) | jakarta.servlet-api-4.0.3.jar (14/83 kB)Progress (3): quarkus-http-core-3.0.15.Final.jar (180/932 kB) | quarkus-http-servlet-3.0.15.Final.jar (33/498 kB) | jakarta.servlet-api-4.0.3.jar (16/83 kB)Progress (3): quarkus-http-core-3.0.15.Final.jar (180/932 kB) | quarkus-http-servlet-3.0.15.Final.jar (33/498 kB) | jakarta.servlet-api-4.0.3.jar (19/83 kB)Progress (3): quarkus-http-core-3.0.15.Final.jar (180/932 kB) | quarkus-http-servlet-3.0.15.Final.jar (33/498 kB) | jakarta.servlet-api-4.0.3.jar (22/83 kB)Progress (3): quarkus-http-core-3.0.15.Final.jar (180/932 kB) | quarkus-http-servlet-3.0.15.Final.jar (33/498 kB) | jakarta.servlet-api-4.0.3.jar (25/83 kB)Progress (3): quarkus-http-core-3.0.15.Final.jar (180/932 kB) | quarkus-http-servlet-3.0.15.Final.jar (33/498 kB) | jakarta.servlet-api-4.0.3.jar (27/83 kB)Progress (3): quarkus-http-core-3.0.15.Final.jar (180/932 kB) | quarkus-http-servlet-3.0.15.Final.jar (33/498 kB) | jakarta.servlet-api-4.0.3.jar (30/83 kB)Progress (3): quarkus-http-core-3.0.15.Final.jar (180/932 kB) | quarkus-http-servlet-3.0.15.Final.jar (33/498 kB) | jakarta.servlet-api-4.0.3.jar (33/83 kB)Progress (4): quarkus-http-core-3.0.15.Final.jar (180/932 kB) | quarkus-http-servlet-3.0.15.Final.jar (33/498 kB) | jakarta.servlet-api-4.0.3.jar (33/83 kB) | jboss-metadata-common-11.0.0.Final.jar (2.7/475 kB)Progress (4): quarkus-http-core-3.0.15.Final.jar (180/932 kB) | quarkus-http-servlet-3.0.15.Final.jar (33/498 kB) | jakarta.servlet-api-4.0.3.jar (36/83 kB) | jboss-metadata-common-11.0.0.Final.jar (2.7/475 kB)Progress (4): quarkus-http-core-3.0.15.Final.jar (180/932 kB) | quarkus-http-servlet-3.0.15.Final.jar (33/498 kB) | jakarta.servlet-api-4.0.3.jar (38/83 kB) | jboss-metadata-common-11.0.0.Final.jar (2.7/475 kB)Progress (4): quarkus-http-core-3.0.15.Final.jar (180/932 kB) | quarkus-http-servlet-3.0.15.Final.jar (33/498 kB) | jakarta.servlet-api-4.0.3.jar (38/83 kB) | jboss-metadata-common-11.0.0.Final.jar (5.5/475 kB)Progress (4): quarkus-http-core-3.0.15.Final.jar (180/932 kB) | quarkus-http-servlet-3.0.15.Final.jar (33/498 kB) | jakarta.servlet-api-4.0.3.jar (41/83 kB) | jboss-metadata-common-11.0.0.Final.jar (5.5/475 kB)Progress (4): quarkus-http-core-3.0.15.Final.jar (180/932 kB) | quarkus-http-servlet-3.0.15.Final.jar (33/498 kB) | jakarta.servlet-api-4.0.3.jar (41/83 kB) | jboss-metadata-common-11.0.0.Final.jar (8.2/475 kB)Progress (4): quarkus-http-core-3.0.15.Final.jar (188/932 kB) | quarkus-http-servlet-3.0.15.Final.jar (33/498 kB) | jakarta.servlet-api-4.0.3.jar (41/83 kB) | jboss-metadata-common-11.0.0.Final.jar (8.2/475 kB)Progress (4): quarkus-http-core-3.0.15.Final.jar (188/932 kB) | quarkus-http-servlet-3.0.15.Final.jar (33/498 kB) | jakarta.servlet-api-4.0.3.jar (44/83 kB) | jboss-metadata-common-11.0.0.Final.jar (8.2/475 kB)Progress (4): quarkus-http-core-3.0.15.Final.jar (188/932 kB) | quarkus-http-servlet-3.0.15.Final.jar (33/498 kB) | jakarta.servlet-api-4.0.3.jar (44/83 kB) | jboss-metadata-common-11.0.0.Final.jar (11/475 kB) Progress (4): quarkus-http-core-3.0.15.Final.jar (188/932 kB) | quarkus-http-servlet-3.0.15.Final.jar (33/498 kB) | jakarta.servlet-api-4.0.3.jar (47/83 kB) | jboss-metadata-common-11.0.0.Final.jar (11/475 kB)Progress (4): quarkus-http-core-3.0.15.Final.jar (197/932 kB) | quarkus-http-servlet-3.0.15.Final.jar (33/498 kB) | jakarta.servlet-api-4.0.3.jar (47/83 kB) | jboss-metadata-common-11.0.0.Final.jar (11/475 kB)Progress (4): quarkus-http-core-3.0.15.Final.jar (197/932 kB) | quarkus-http-servlet-3.0.15.Final.jar (33/498 kB) | jakarta.servlet-api-4.0.3.jar (47/83 kB) | jboss-metadata-common-11.0.0.Final.jar (14/475 kB)Progress (4): quarkus-http-core-3.0.15.Final.jar (197/932 kB) | quarkus-http-servlet-3.0.15.Final.jar (33/498 kB) | jakarta.servlet-api-4.0.3.jar (49/83 kB) | jboss-metadata-common-11.0.0.Final.jar (14/475 kB)Progress (4): quarkus-http-core-3.0.15.Final.jar (197/932 kB) | quarkus-http-servlet-3.0.15.Final.jar (33/498 kB) | jakarta.servlet-api-4.0.3.jar (49/83 kB) | jboss-metadata-common-11.0.0.Final.jar (16/475 kB)Progress (4): quarkus-http-core-3.0.15.Final.jar (197/932 kB) | quarkus-http-servlet-3.0.15.Final.jar (33/498 kB) | jakarta.servlet-api-4.0.3.jar (49/83 kB) | jboss-metadata-common-11.0.0.Final.jar (19/475 kB)Progress (4): quarkus-http-core-3.0.15.Final.jar (205/932 kB) | quarkus-http-servlet-3.0.15.Final.jar (33/498 kB) | jakarta.servlet-api-4.0.3.jar (49/83 kB) | jboss-metadata-common-11.0.0.Final.jar (19/475 kB)Progress (4): quarkus-http-core-3.0.15.Final.jar (205/932 kB) | quarkus-http-servlet-3.0.15.Final.jar (33/498 kB) | jakarta.servlet-api-4.0.3.jar (49/83 kB) | jboss-metadata-common-11.0.0.Final.jar (22/475 kB)Progress (4): quarkus-http-core-3.0.15.Final.jar (205/932 kB) | quarkus-http-servlet-3.0.15.Final.jar (33/498 kB) | jakarta.servlet-api-4.0.3.jar (49/83 kB) | jboss-metadata-common-11.0.0.Final.jar (25/475 kB)Progress (4): quarkus-http-core-3.0.15.Final.jar (213/932 kB) | quarkus-http-servlet-3.0.15.Final.jar (33/498 kB) | jakarta.servlet-api-4.0.3.jar (49/83 kB) | jboss-metadata-common-11.0.0.Final.jar (25/475 kB)Progress (4): quarkus-http-core-3.0.15.Final.jar (213/932 kB) | quarkus-http-servlet-3.0.15.Final.jar (36/498 kB) | jakarta.servlet-api-4.0.3.jar (49/83 kB) | jboss-metadata-common-11.0.0.Final.jar (25/475 kB)Progress (4): quarkus-http-core-3.0.15.Final.jar (213/932 kB) | quarkus-http-servlet-3.0.15.Final.jar (36/498 kB) | jakarta.servlet-api-4.0.3.jar (49/83 kB) | jboss-metadata-common-11.0.0.Final.jar (27/475 kB)Progress (4): quarkus-http-core-3.0.15.Final.jar (213/932 kB) | quarkus-http-servlet-3.0.15.Final.jar (38/498 kB) | jakarta.servlet-api-4.0.3.jar (49/83 kB) | jboss-metadata-common-11.0.0.Final.jar (27/475 kB)Progress (4): quarkus-http-core-3.0.15.Final.jar (213/932 kB) | quarkus-http-servlet-3.0.15.Final.jar (38/498 kB) | jakarta.servlet-api-4.0.3.jar (49/83 kB) | jboss-metadata-common-11.0.0.Final.jar (30/475 kB)Progress (4): quarkus-http-core-3.0.15.Final.jar (213/932 kB) | quarkus-http-servlet-3.0.15.Final.jar (41/498 kB) | jakarta.servlet-api-4.0.3.jar (49/83 kB) | jboss-metadata-common-11.0.0.Final.jar (30/475 kB)Progress (5): quarkus-http-core-3.0.15.Final.jar (213/932 kB) | quarkus-http-servlet-3.0.15.Final.jar (41/498 kB) | jakarta.servlet-api-4.0.3.jar (49/83 kB) | jboss-metadata-common-11.0.0.Final.jar (30/475 kB) | jboss-metadata-web-11.0.0.Final.jar (2.7/468 kB)Progress (5): quarkus-http-core-3.0.15.Final.jar (213/932 kB) | quarkus-http-servlet-3.0.15.Final.jar (41/498 kB) | jakarta.servlet-api-4.0.3.jar (49/83 kB) | jboss-metadata-common-11.0.0.Final.jar (33/475 kB) | jboss-metadata-web-11.0.0.Final.jar (2.7/468 kB)Progress (5): quarkus-http-core-3.0.15.Final.jar (221/932 kB) | quarkus-http-servlet-3.0.15.Final.jar (41/498 kB) | jakarta.servlet-api-4.0.3.jar (49/83 kB) | jboss-metadata-common-11.0.0.Final.jar (33/475 kB) | jboss-metadata-web-11.0.0.Final.jar (2.7/468 kB)Progress (5): quarkus-http-core-3.0.15.Final.jar (221/932 kB) | quarkus-http-servlet-3.0.15.Final.jar (44/498 kB) | jakarta.servlet-api-4.0.3.jar (49/83 kB) | jboss-metadata-common-11.0.0.Final.jar (33/475 kB) | jboss-metadata-web-11.0.0.Final.jar (2.7/468 kB)Progress (5): quarkus-http-core-3.0.15.Final.jar (221/932 kB) | quarkus-http-servlet-3.0.15.Final.jar (44/498 kB) | jakarta.servlet-api-4.0.3.jar (49/83 kB) | jboss-metadata-common-11.0.0.Final.jar (33/475 kB) | jboss-metadata-web-11.0.0.Final.jar (5.5/468 kB)Progress (5): quarkus-http-core-3.0.15.Final.jar (221/932 kB) | quarkus-http-servlet-3.0.15.Final.jar (44/498 kB) | jakarta.servlet-api-4.0.3.jar (49/83 kB) | jboss-metadata-common-11.0.0.Final.jar (36/475 kB) | jboss-metadata-web-11.0.0.Final.jar (5.5/468 kB)Progress (5): quarkus-http-core-3.0.15.Final.jar (221/932 kB) | quarkus-http-servlet-3.0.15.Final.jar (44/498 kB) | jakarta.servlet-api-4.0.3.jar (49/83 kB) | jboss-metadata-common-11.0.0.Final.jar (36/475 kB) | jboss-metadata-web-11.0.0.Final.jar (8.2/468 kB)Progress (5): quarkus-http-core-3.0.15.Final.jar (221/932 kB) | quarkus-http-servlet-3.0.15.Final.jar (47/498 kB) | jakarta.servlet-api-4.0.3.jar (49/83 kB) | jboss-metadata-common-11.0.0.Final.jar (36/475 kB) | jboss-metadata-web-11.0.0.Final.jar (8.2/468 kB)Progress (5): quarkus-http-core-3.0.15.Final.jar (221/932 kB) | quarkus-http-servlet-3.0.15.Final.jar (47/498 kB) | jakarta.servlet-api-4.0.3.jar (49/83 kB) | jboss-metadata-common-11.0.0.Final.jar (38/475 kB) | jboss-metadata-web-11.0.0.Final.jar (8.2/468 kB)Progress (5): quarkus-http-core-3.0.15.Final.jar (221/932 kB) | quarkus-http-servlet-3.0.15.Final.jar (47/498 kB) | jakarta.servlet-api-4.0.3.jar (49/83 kB) | jboss-metadata-common-11.0.0.Final.jar (38/475 kB) | jboss-metadata-web-11.0.0.Final.jar (11/468 kB) Progress (5): quarkus-http-core-3.0.15.Final.jar (229/932 kB) | quarkus-http-servlet-3.0.15.Final.jar (47/498 kB) | jakarta.servlet-api-4.0.3.jar (49/83 kB) | jboss-metadata-common-11.0.0.Final.jar (38/475 kB) | jboss-metadata-web-11.0.0.Final.jar (11/468 kB)Progress (5): quarkus-http-core-3.0.15.Final.jar (229/932 kB) | quarkus-http-servlet-3.0.15.Final.jar (49/498 kB) | jakarta.servlet-api-4.0.3.jar (49/83 kB) | jboss-metadata-common-11.0.0.Final.jar (38/475 kB) | jboss-metadata-web-11.0.0.Final.jar (11/468 kB)Progress (5): quarkus-http-core-3.0.15.Final.jar (229/932 kB) | quarkus-http-servlet-3.0.15.Final.jar (49/498 kB) | jakarta.servlet-api-4.0.3.jar (49/83 kB) | jboss-metadata-common-11.0.0.Final.jar (41/475 kB) | jboss-metadata-web-11.0.0.Final.jar (11/468 kB)Progress (5): quarkus-http-core-3.0.15.Final.jar (229/932 kB) | quarkus-http-servlet-3.0.15.Final.jar (52/498 kB) | jakarta.servlet-api-4.0.3.jar (49/83 kB) | jboss-metadata-common-11.0.0.Final.jar (41/475 kB) | jboss-metadata-web-11.0.0.Final.jar (11/468 kB)Progress (5): quarkus-http-core-3.0.15.Final.jar (229/932 kB) | quarkus-http-servlet-3.0.15.Final.jar (52/498 kB) | jakarta.servlet-api-4.0.3.jar (49/83 kB) | jboss-metadata-common-11.0.0.Final.jar (44/475 kB) | jboss-metadata-web-11.0.0.Final.jar (11/468 kB)Progress (5): quarkus-http-core-3.0.15.Final.jar (229/932 kB) | quarkus-http-servlet-3.0.15.Final.jar (55/498 kB) | jakarta.servlet-api-4.0.3.jar (49/83 kB) | jboss-metadata-common-11.0.0.Final.jar (44/475 kB) | jboss-metadata-web-11.0.0.Final.jar (11/468 kB)Progress (5): quarkus-http-core-3.0.15.Final.jar (238/932 kB) | quarkus-http-servlet-3.0.15.Final.jar (55/498 kB) | jakarta.servlet-api-4.0.3.jar (49/83 kB) | jboss-metadata-common-11.0.0.Final.jar (44/475 kB) | jboss-metadata-web-11.0.0.Final.jar (11/468 kB)Progress (5): quarkus-http-core-3.0.15.Final.jar (238/932 kB) | quarkus-http-servlet-3.0.15.Final.jar (58/498 kB) | jakarta.servlet-api-4.0.3.jar (49/83 kB) | jboss-metadata-common-11.0.0.Final.jar (44/475 kB) | jboss-metadata-web-11.0.0.Final.jar (11/468 kB)Progress (5): quarkus-http-core-3.0.15.Final.jar (238/932 kB) | quarkus-http-servlet-3.0.15.Final.jar (58/498 kB) | jakarta.servlet-api-4.0.3.jar (52/83 kB) | jboss-metadata-common-11.0.0.Final.jar (44/475 kB) | jboss-metadata-web-11.0.0.Final.jar (11/468 kB)Progress (5): quarkus-http-core-3.0.15.Final.jar (238/932 kB) | quarkus-http-servlet-3.0.15.Final.jar (60/498 kB) | jakarta.servlet-api-4.0.3.jar (52/83 kB) | jboss-metadata-common-11.0.0.Final.jar (44/475 kB) | jboss-metadata-web-11.0.0.Final.jar (11/468 kB)Progress (5): quarkus-http-core-3.0.15.Final.jar (246/932 kB) | quarkus-http-servlet-3.0.15.Final.jar (60/498 kB) | jakarta.servlet-api-4.0.3.jar (52/83 kB) | jboss-metadata-common-11.0.0.Final.jar (44/475 kB) | jboss-metadata-web-11.0.0.Final.jar (11/468 kB)Progress (5): quarkus-http-core-3.0.15.Final.jar (246/932 kB) | quarkus-http-servlet-3.0.15.Final.jar (60/498 kB) | jakarta.servlet-api-4.0.3.jar (55/83 kB) | jboss-metadata-common-11.0.0.Final.jar (44/475 kB) | jboss-metadata-web-11.0.0.Final.jar (11/468 kB)Progress (5): quarkus-http-core-3.0.15.Final.jar (246/932 kB) | quarkus-http-servlet-3.0.15.Final.jar (63/498 kB) | jakarta.servlet-api-4.0.3.jar (55/83 kB) | jboss-metadata-common-11.0.0.Final.jar (44/475 kB) | jboss-metadata-web-11.0.0.Final.jar (11/468 kB)Progress (5): quarkus-http-core-3.0.15.Final.jar (246/932 kB) | quarkus-http-servlet-3.0.15.Final.jar (63/498 kB) | jakarta.servlet-api-4.0.3.jar (58/83 kB) | jboss-metadata-common-11.0.0.Final.jar (44/475 kB) | jboss-metadata-web-11.0.0.Final.jar (11/468 kB)Progress (5): quarkus-http-core-3.0.15.Final.jar (246/932 kB) | quarkus-http-servlet-3.0.15.Final.jar (66/498 kB) | jakarta.servlet-api-4.0.3.jar (58/83 kB) | jboss-metadata-common-11.0.0.Final.jar (44/475 kB) | jboss-metadata-web-11.0.0.Final.jar (11/468 kB)Progress (5): quarkus-http-core-3.0.15.Final.jar (246/932 kB) | quarkus-http-servlet-3.0.15.Final.jar (66/498 kB) | jakarta.servlet-api-4.0.3.jar (60/83 kB) | jboss-metadata-common-11.0.0.Final.jar (44/475 kB) | jboss-metadata-web-11.0.0.Final.jar (11/468 kB)Progress (5): quarkus-http-core-3.0.15.Final.jar (246/932 kB) | quarkus-http-servlet-3.0.15.Final.jar (69/498 kB) | jakarta.servlet-api-4.0.3.jar (60/83 kB) | jboss-metadata-common-11.0.0.Final.jar (44/475 kB) | jboss-metadata-web-11.0.0.Final.jar (11/468 kB)Progress (5): quarkus-http-core-3.0.15.Final.jar (246/932 kB) | quarkus-http-servlet-3.0.15.Final.jar (69/498 kB) | jakarta.servlet-api-4.0.3.jar (63/83 kB) | jboss-metadata-common-11.0.0.Final.jar (44/475 kB) | jboss-metadata-web-11.0.0.Final.jar (11/468 kB)Progress (5): quarkus-http-core-3.0.15.Final.jar (246/932 kB) | quarkus-http-servlet-3.0.15.Final.jar (71/498 kB) | jakarta.servlet-api-4.0.3.jar (63/83 kB) | jboss-metadata-common-11.0.0.Final.jar (44/475 kB) | jboss-metadata-web-11.0.0.Final.jar (11/468 kB)Progress (5): quarkus-http-core-3.0.15.Final.jar (246/932 kB) | quarkus-http-servlet-3.0.15.Final.jar (71/498 kB) | jakarta.servlet-api-4.0.3.jar (66/83 kB) | jboss-metadata-common-11.0.0.Final.jar (44/475 kB) | jboss-metadata-web-11.0.0.Final.jar (11/468 kB)Progress (5): quarkus-http-core-3.0.15.Final.jar (246/932 kB) | quarkus-http-servlet-3.0.15.Final.jar (74/498 kB) | jakarta.servlet-api-4.0.3.jar (66/83 kB) | jboss-metadata-common-11.0.0.Final.jar (44/475 kB) | jboss-metadata-web-11.0.0.Final.jar (11/468 kB)Progress (5): quarkus-http-core-3.0.15.Final.jar (246/932 kB) | quarkus-http-servlet-3.0.15.Final.jar (74/498 kB) | jakarta.servlet-api-4.0.3.jar (69/83 kB) | jboss-metadata-common-11.0.0.Final.jar (44/475 kB) | jboss-metadata-web-11.0.0.Final.jar (11/468 kB)Progress (5): quarkus-http-core-3.0.15.Final.jar (246/932 kB) | quarkus-http-servlet-3.0.15.Final.jar (77/498 kB) | jakarta.servlet-api-4.0.3.jar (69/83 kB) | jboss-metadata-common-11.0.0.Final.jar (44/475 kB) | jboss-metadata-web-11.0.0.Final.jar (11/468 kB)Progress (5): quarkus-http-core-3.0.15.Final.jar (246/932 kB) | quarkus-http-servlet-3.0.15.Final.jar (77/498 kB) | jakarta.servlet-api-4.0.3.jar (71/83 kB) | jboss-metadata-common-11.0.0.Final.jar (44/475 kB) | jboss-metadata-web-11.0.0.Final.jar (11/468 kB)Progress (5): quarkus-http-core-3.0.15.Final.jar (246/932 kB) | quarkus-http-servlet-3.0.15.Final.jar (80/498 kB) | jakarta.servlet-api-4.0.3.jar (71/83 kB) | jboss-metadata-common-11.0.0.Final.jar (44/475 kB) | jboss-metadata-web-11.0.0.Final.jar (11/468 kB)Progress (5): quarkus-http-core-3.0.15.Final.jar (246/932 kB) | quarkus-http-servlet-3.0.15.Final.jar (80/498 kB) | jakarta.servlet-api-4.0.3.jar (74/83 kB) | jboss-metadata-common-11.0.0.Final.jar (44/475 kB) | jboss-metadata-web-11.0.0.Final.jar (11/468 kB)Progress (5): quarkus-http-core-3.0.15.Final.jar (246/932 kB) | quarkus-http-servlet-3.0.15.Final.jar (82/498 kB) | jakarta.servlet-api-4.0.3.jar (74/83 kB) | jboss-metadata-common-11.0.0.Final.jar (44/475 kB) | jboss-metadata-web-11.0.0.Final.jar (11/468 kB)Progress (5): quarkus-http-core-3.0.15.Final.jar (246/932 kB) | quarkus-http-servlet-3.0.15.Final.jar (82/498 kB) | jakarta.servlet-api-4.0.3.jar (77/83 kB) | jboss-metadata-common-11.0.0.Final.jar (44/475 kB) | jboss-metadata-web-11.0.0.Final.jar (11/468 kB)Progress (5): quarkus-http-core-3.0.15.Final.jar (246/932 kB) | quarkus-http-servlet-3.0.15.Final.jar (85/498 kB) | jakarta.servlet-api-4.0.3.jar (77/83 kB) | jboss-metadata-common-11.0.0.Final.jar (44/475 kB) | jboss-metadata-web-11.0.0.Final.jar (11/468 kB)Progress (5): quarkus-http-core-3.0.15.Final.jar (246/932 kB) | quarkus-http-servlet-3.0.15.Final.jar (85/498 kB) | jakarta.servlet-api-4.0.3.jar (80/83 kB) | jboss-metadata-common-11.0.0.Final.jar (44/475 kB) | jboss-metadata-web-11.0.0.Final.jar (11/468 kB)Progress (5): quarkus-http-core-3.0.15.Final.jar (246/932 kB) | quarkus-http-servlet-3.0.15.Final.jar (88/498 kB) | jakarta.servlet-api-4.0.3.jar (80/83 kB) | jboss-metadata-common-11.0.0.Final.jar (44/475 kB) | jboss-metadata-web-11.0.0.Final.jar (11/468 kB)Progress (5): quarkus-http-core-3.0.15.Final.jar (246/932 kB) | quarkus-http-servlet-3.0.15.Final.jar (88/498 kB) | jakarta.servlet-api-4.0.3.jar (82/83 kB) | jboss-metadata-common-11.0.0.Final.jar (44/475 kB) | jboss-metadata-web-11.0.0.Final.jar (11/468 kB)Progress (5): quarkus-http-core-3.0.15.Final.jar (246/932 kB) | quarkus-http-servlet-3.0.15.Final.jar (90/498 kB) | jakarta.servlet-api-4.0.3.jar (82/83 kB) | jboss-metadata-common-11.0.0.Final.jar (44/475 kB) | jboss-metadata-web-11.0.0.Final.jar (11/468 kB)Progress (5): quarkus-http-core-3.0.15.Final.jar (246/932 kB) | quarkus-http-servlet-3.0.15.Final.jar (90/498 kB) | jakarta.servlet-api-4.0.3.jar (83 kB) | jboss-metadata-common-11.0.0.Final.jar (44/475 kB) | jboss-metadata-web-11.0.0.Final.jar (11/468 kB)   Progress (5): quarkus-http-core-3.0.15.Final.jar (246/932 kB) | quarkus-http-servlet-3.0.15.Final.jar (93/498 kB) | jakarta.servlet-api-4.0.3.jar (83 kB) | jboss-metadata-common-11.0.0.Final.jar (44/475 kB) | jboss-metadata-web-11.0.0.Final.jar (11/468 kB)Progress (5): quarkus-http-core-3.0.15.Final.jar (246/932 kB) | quarkus-http-servlet-3.0.15.Final.jar (96/498 kB) | jakarta.servlet-api-4.0.3.jar (83 kB) | jboss-metadata-common-11.0.0.Final.jar (44/475 kB) | jboss-metadata-web-11.0.0.Final.jar (11/468 kB)Progress (5): quarkus-http-core-3.0.15.Final.jar (246/932 kB) | quarkus-http-servlet-3.0.15.Final.jar (96/498 kB) | jakarta.servlet-api-4.0.3.jar (83 kB) | jboss-metadata-common-11.0.0.Final.jar (47/475 kB) | jboss-metadata-web-11.0.0.Final.jar (11/468 kB)Progress (5): quarkus-http-core-3.0.15.Final.jar (246/932 kB) | quarkus-http-servlet-3.0.15.Final.jar (96/498 kB) | jakarta.servlet-api-4.0.3.jar (83 kB) | jboss-metadata-common-11.0.0.Final.jar (49/475 kB) | jboss-metadata-web-11.0.0.Final.jar (11/468 kB)Progress (5): quarkus-http-core-3.0.15.Final.jar (246/932 kB) | quarkus-http-servlet-3.0.15.Final.jar (96/498 kB) | jakarta.servlet-api-4.0.3.jar (83 kB) | jboss-metadata-common-11.0.0.Final.jar (52/475 kB) | jboss-metadata-web-11.0.0.Final.jar (11/468 kB)Progress (5): quarkus-http-core-3.0.15.Final.jar (246/932 kB) | quarkus-http-servlet-3.0.15.Final.jar (96/498 kB) | jakarta.servlet-api-4.0.3.jar (83 kB) | jboss-metadata-common-11.0.0.Final.jar (55/475 kB) | jboss-metadata-web-11.0.0.Final.jar (11/468 kB)Progress (5): quarkus-http-core-3.0.15.Final.jar (246/932 kB) | quarkus-http-servlet-3.0.15.Final.jar (96/498 kB) | jakarta.servlet-api-4.0.3.jar (83 kB) | jboss-metadata-common-11.0.0.Final.jar (58/475 kB) | jboss-metadata-web-11.0.0.Final.jar (11/468 kB)Progress (5): quarkus-http-core-3.0.15.Final.jar (246/932 kB) | quarkus-http-servlet-3.0.15.Final.jar (96/498 kB) | jakarta.servlet-api-4.0.3.jar (83 kB) | jboss-metadata-common-11.0.0.Final.jar (60/475 kB) | jboss-metadata-web-11.0.0.Final.jar (11/468 kB)Progress (5): quarkus-http-core-3.0.15.Final.jar (246/932 kB) | quarkus-http-servlet-3.0.15.Final.jar (96/498 kB) | jakarta.servlet-api-4.0.3.jar (83 kB) | jboss-metadata-common-11.0.0.Final.jar (63/475 kB) | jboss-metadata-web-11.0.0.Final.jar (11/468 kB)Progress (5): quarkus-http-core-3.0.15.Final.jar (246/932 kB) | quarkus-http-servlet-3.0.15.Final.jar (96/498 kB) | jakarta.servlet-api-4.0.3.jar (83 kB) | jboss-metadata-common-11.0.0.Final.jar (66/475 kB) | jboss-metadata-web-11.0.0.Final.jar (11/468 kB)Progress (5): quarkus-http-core-3.0.15.Final.jar (254/932 kB) | quarkus-http-servlet-3.0.15.Final.jar (96/498 kB) | jakarta.servlet-api-4.0.3.jar (83 kB) | jboss-metadata-common-11.0.0.Final.jar (66/475 kB) | jboss-metadata-web-11.0.0.Final.jar (11/468 kB)Progress (5): quarkus-http-core-3.0.15.Final.jar (254/932 kB) | quarkus-http-servlet-3.0.15.Final.jar (96/498 kB) | jakarta.servlet-api-4.0.3.jar (83 kB) | jboss-metadata-common-11.0.0.Final.jar (69/475 kB) | jboss-metadata-web-11.0.0.Final.jar (11/468 kB)Progress (5): quarkus-http-core-3.0.15.Final.jar (262/932 kB) | quarkus-http-servlet-3.0.15.Final.jar (96/498 kB) | jakarta.servlet-api-4.0.3.jar (83 kB) | jboss-metadata-common-11.0.0.Final.jar (69/475 kB) | jboss-metadata-web-11.0.0.Final.jar (11/468 kB)Progress (5): quarkus-http-core-3.0.15.Final.jar (262/932 kB) | quarkus-http-servlet-3.0.15.Final.jar (96/498 kB) | jakarta.servlet-api-4.0.3.jar (83 kB) | jboss-metadata-common-11.0.0.Final.jar (71/475 kB) | jboss-metadata-web-11.0.0.Final.jar (11/468 kB)Progress (5): quarkus-http-core-3.0.15.Final.jar (262/932 kB) | quarkus-http-servlet-3.0.15.Final.jar (96/498 kB) | jakarta.servlet-api-4.0.3.jar (83 kB) | jboss-metadata-common-11.0.0.Final.jar (74/475 kB) | jboss-metadata-web-11.0.0.Final.jar (11/468 kB)Progress (5): quarkus-http-core-3.0.15.Final.jar (262/932 kB) | quarkus-http-servlet-3.0.15.Final.jar (96/498 kB) | jakarta.servlet-api-4.0.3.jar (83 kB) | jboss-metadata-common-11.0.0.Final.jar (77/475 kB) | jboss-metadata-web-11.0.0.Final.jar (11/468 kB)Progress (5): quarkus-http-core-3.0.15.Final.jar (262/932 kB) | quarkus-http-servlet-3.0.15.Final.jar (96/498 kB) | jakarta.servlet-api-4.0.3.jar (83 kB) | jboss-metadata-common-11.0.0.Final.jar (80/475 kB) | jboss-metadata-web-11.0.0.Final.jar (11/468 kB)Progress (5): quarkus-http-core-3.0.15.Final.jar (262/932 kB) | quarkus-http-servlet-3.0.15.Final.jar (96/498 kB) | jakarta.servlet-api-4.0.3.jar (83 kB) | jboss-metadata-common-11.0.0.Final.jar (82/475 kB) | jboss-metadata-web-11.0.0.Final.jar (11/468 kB)Progress (5): quarkus-http-core-3.0.15.Final.jar (270/932 kB) | quarkus-http-servlet-3.0.15.Final.jar (96/498 kB) | jakarta.servlet-api-4.0.3.jar (83 kB) | jboss-metadata-common-11.0.0.Final.jar (82/475 kB) | jboss-metadata-web-11.0.0.Final.jar (11/468 kB)Progress (5): quarkus-http-core-3.0.15.Final.jar (270/932 kB) | quarkus-http-servlet-3.0.15.Final.jar (96/498 kB) | jakarta.servlet-api-4.0.3.jar (83 kB) | jboss-metadata-common-11.0.0.Final.jar (85/475 kB) | jboss-metadata-web-11.0.0.Final.jar (11/468 kB)Progress (5): quarkus-http-core-3.0.15.Final.jar (279/932 kB) | quarkus-http-servlet-3.0.15.Final.jar (96/498 kB) | jakarta.servlet-api-4.0.3.jar (83 kB) | jboss-metadata-common-11.0.0.Final.jar (85/475 kB) | jboss-metadata-web-11.0.0.Final.jar (11/468 kB)Progress (5): quarkus-http-core-3.0.15.Final.jar (279/932 kB) | quarkus-http-servlet-3.0.15.Final.jar (96/498 kB) | jakarta.servlet-api-4.0.3.jar (83 kB) | jboss-metadata-common-11.0.0.Final.jar (88/475 kB) | jboss-metadata-web-11.0.0.Final.jar (11/468 kB)Progress (5): quarkus-http-core-3.0.15.Final.jar (279/932 kB) | quarkus-http-servlet-3.0.15.Final.jar (96/498 kB) | jakarta.servlet-api-4.0.3.jar (83 kB) | jboss-metadata-common-11.0.0.Final.jar (90/475 kB) | jboss-metadata-web-11.0.0.Final.jar (11/468 kB)Progress (5): quarkus-http-core-3.0.15.Final.jar (279/932 kB) | quarkus-http-servlet-3.0.15.Final.jar (96/498 kB) | jakarta.servlet-api-4.0.3.jar (83 kB) | jboss-metadata-common-11.0.0.Final.jar (93/475 kB) | jboss-metadata-web-11.0.0.Final.jar (11/468 kB)Progress (5): quarkus-http-core-3.0.15.Final.jar (279/932 kB) | quarkus-http-servlet-3.0.15.Final.jar (96/498 kB) | jakarta.servlet-api-4.0.3.jar (83 kB) | jboss-metadata-common-11.0.0.Final.jar (96/475 kB) | jboss-metadata-web-11.0.0.Final.jar (11/468 kB)Progress (5): quarkus-http-core-3.0.15.Final.jar (279/932 kB) | quarkus-http-servlet-3.0.15.Final.jar (96/498 kB) | jakarta.servlet-api-4.0.3.jar (83 kB) | jboss-metadata-common-11.0.0.Final.jar (99/475 kB) | jboss-metadata-web-11.0.0.Final.jar (11/468 kB)Progress (5): quarkus-http-core-3.0.15.Final.jar (279/932 kB) | quarkus-http-servlet-3.0.15.Final.jar (96/498 kB) | jakarta.servlet-api-4.0.3.jar (83 kB) | jboss-metadata-common-11.0.0.Final.jar (101/475 kB) | jboss-metadata-web-11.0.0.Final.jar (11/468 kB)Progress (5): quarkus-http-core-3.0.15.Final.jar (279/932 kB) | quarkus-http-servlet-3.0.15.Final.jar (96/498 kB) | jakarta.servlet-api-4.0.3.jar (83 kB) | jboss-metadata-common-11.0.0.Final.jar (104/475 kB) | jboss-metadata-web-11.0.0.Final.jar (11/468 kB)Progress (5): quarkus-http-core-3.0.15.Final.jar (279/932 kB) | quarkus-http-servlet-3.0.15.Final.jar (96/498 kB) | jakarta.servlet-api-4.0.3.jar (83 kB) | jboss-metadata-common-11.0.0.Final.jar (107/475 kB) | jboss-metadata-web-11.0.0.Final.jar (11/468 kB)Progress (5): quarkus-http-core-3.0.15.Final.jar (287/932 kB) | quarkus-http-servlet-3.0.15.Final.jar (96/498 kB) | jakarta.servlet-api-4.0.3.jar (83 kB) | jboss-metadata-common-11.0.0.Final.jar (107/475 kB) | jboss-metadata-web-11.0.0.Final.jar (11/468 kB)Progress (5): quarkus-http-core-3.0.15.Final.jar (287/932 kB) | quarkus-http-servlet-3.0.15.Final.jar (96/498 kB) | jakarta.servlet-api-4.0.3.jar (83 kB) | jboss-metadata-common-11.0.0.Final.jar (107/475 kB) | jboss-metadata-web-11.0.0.Final.jar (14/468 kB)Progress (5): quarkus-http-core-3.0.15.Final.jar (295/932 kB) | quarkus-http-servlet-3.0.15.Final.jar (96/498 kB) | jakarta.servlet-api-4.0.3.jar (83 kB) | jboss-metadata-common-11.0.0.Final.jar (107/475 kB) | jboss-metadata-web-11.0.0.Final.jar (14/468 kB)Progress (5): quarkus-http-core-3.0.15.Final.jar (295/932 kB) | quarkus-http-servlet-3.0.15.Final.jar (99/498 kB) | jakarta.servlet-api-4.0.3.jar (83 kB) | jboss-metadata-common-11.0.0.Final.jar (107/475 kB) | jboss-metadata-web-11.0.0.Final.jar (14/468 kB)Progress (5): quarkus-http-core-3.0.15.Final.jar (295/932 kB) | quarkus-http-servlet-3.0.15.Final.jar (99/498 kB) | jakarta.servlet-api-4.0.3.jar (83 kB) | jboss-metadata-common-11.0.0.Final.jar (107/475 kB) | jboss-metadata-web-11.0.0.Final.jar (16/468 kB)Progress (5): quarkus-http-core-3.0.15.Final.jar (295/932 kB) | quarkus-http-servlet-3.0.15.Final.jar (99/498 kB) | jakarta.servlet-api-4.0.3.jar (83 kB) | jboss-metadata-common-11.0.0.Final.jar (107/475 kB) | jboss-metadata-web-11.0.0.Final.jar (19/468 kB)Progress (5): quarkus-http-core-3.0.15.Final.jar (295/932 kB) | quarkus-http-servlet-3.0.15.Final.jar (101/498 kB) | jakarta.servlet-api-4.0.3.jar (83 kB) | jboss-metadata-common-11.0.0.Final.jar (107/475 kB) | jboss-metadata-web-11.0.0.Final.jar (19/468 kB)Progress (5): quarkus-http-core-3.0.15.Final.jar (295/932 kB) | quarkus-http-servlet-3.0.15.Final.jar (101/498 kB) | jakarta.servlet-api-4.0.3.jar (83 kB) | jboss-metadata-common-11.0.0.Final.jar (107/475 kB) | jboss-metadata-web-11.0.0.Final.jar (22/468 kB)Progress (5): quarkus-http-core-3.0.15.Final.jar (295/932 kB) | quarkus-http-servlet-3.0.15.Final.jar (104/498 kB) | jakarta.servlet-api-4.0.3.jar (83 kB) | jboss-metadata-common-11.0.0.Final.jar (107/475 kB) | jboss-metadata-web-11.0.0.Final.jar (22/468 kB)Progress (5): quarkus-http-core-3.0.15.Final.jar (295/932 kB) | quarkus-http-servlet-3.0.15.Final.jar (104/498 kB) | jakarta.servlet-api-4.0.3.jar (83 kB) | jboss-metadata-common-11.0.0.Final.jar (107/475 kB) | jboss-metadata-web-11.0.0.Final.jar (25/468 kB)Progress (5): quarkus-http-core-3.0.15.Final.jar (295/932 kB) | quarkus-http-servlet-3.0.15.Final.jar (107/498 kB) | jakarta.servlet-api-4.0.3.jar (83 kB) | jboss-metadata-common-11.0.0.Final.jar (107/475 kB) | jboss-metadata-web-11.0.0.Final.jar (25/468 kB)Progress (5): quarkus-http-core-3.0.15.Final.jar (295/932 kB) | quarkus-http-servlet-3.0.15.Final.jar (107/498 kB) | jakarta.servlet-api-4.0.3.jar (83 kB) | jboss-metadata-common-11.0.0.Final.jar (107/475 kB) | jboss-metadata-web-11.0.0.Final.jar (27/468 kB)Progress (5): quarkus-http-core-3.0.15.Final.jar (295/932 kB) | quarkus-http-servlet-3.0.15.Final.jar (110/498 kB) | jakarta.servlet-api-4.0.3.jar (83 kB) | jboss-metadata-common-11.0.0.Final.jar (107/475 kB) | jboss-metadata-web-11.0.0.Final.jar (27/468 kB)Progress (5): quarkus-http-core-3.0.15.Final.jar (295/932 kB) | quarkus-http-servlet-3.0.15.Final.jar (110/498 kB) | jakarta.servlet-api-4.0.3.jar (83 kB) | jboss-metadata-common-11.0.0.Final.jar (107/475 kB) | jboss-metadata-web-11.0.0.Final.jar (30/468 kB)Progress (5): quarkus-http-core-3.0.15.Final.jar (295/932 kB) | quarkus-http-servlet-3.0.15.Final.jar (112/498 kB) | jakarta.servlet-api-4.0.3.jar (83 kB) | jboss-metadata-common-11.0.0.Final.jar (107/475 kB) | jboss-metadata-web-11.0.0.Final.jar (30/468 kB)Progress (5): quarkus-http-core-3.0.15.Final.jar (303/932 kB) | quarkus-http-servlet-3.0.15.Final.jar (112/498 kB) | jakarta.servlet-api-4.0.3.jar (83 kB) | jboss-metadata-common-11.0.0.Final.jar (107/475 kB) | jboss-metadata-web-11.0.0.Final.jar (30/468 kB)Progress (5): quarkus-http-core-3.0.15.Final.jar (303/932 kB) | quarkus-http-servlet-3.0.15.Final.jar (115/498 kB) | jakarta.servlet-api-4.0.3.jar (83 kB) | jboss-metadata-common-11.0.0.Final.jar (107/475 kB) | jboss-metadata-web-11.0.0.Final.jar (30/468 kB)Progress (5): quarkus-http-core-3.0.15.Final.jar (311/932 kB) | quarkus-http-servlet-3.0.15.Final.jar (115/498 kB) | jakarta.servlet-api-4.0.3.jar (83 kB) | jboss-metadata-common-11.0.0.Final.jar (107/475 kB) | jboss-metadata-web-11.0.0.Final.jar (30/468 kB)Progress (5): quarkus-http-core-3.0.15.Final.jar (311/932 kB) | quarkus-http-servlet-3.0.15.Final.jar (115/498 kB) | jakarta.servlet-api-4.0.3.jar (83 kB) | jboss-metadata-common-11.0.0.Final.jar (107/475 kB) | jboss-metadata-web-11.0.0.Final.jar (33/468 kB)Progress (5): quarkus-http-core-3.0.15.Final.jar (311/932 kB) | quarkus-http-servlet-3.0.15.Final.jar (118/498 kB) | jakarta.servlet-api-4.0.3.jar (83 kB) | jboss-metadata-common-11.0.0.Final.jar (107/475 kB) | jboss-metadata-web-11.0.0.Final.jar (33/468 kB)Progress (5): quarkus-http-core-3.0.15.Final.jar (311/932 kB) | quarkus-http-servlet-3.0.15.Final.jar (121/498 kB) | jakarta.servlet-api-4.0.3.jar (83 kB) | jboss-metadata-common-11.0.0.Final.jar (107/475 kB) | jboss-metadata-web-11.0.0.Final.jar (33/468 kB)Progress (5): quarkus-http-core-3.0.15.Final.jar (311/932 kB) | quarkus-http-servlet-3.0.15.Final.jar (121/498 kB) | jakarta.servlet-api-4.0.3.jar (83 kB) | jboss-metadata-common-11.0.0.Final.jar (107/475 kB) | jboss-metadata-web-11.0.0.Final.jar (36/468 kB)Progress (5): quarkus-http-core-3.0.15.Final.jar (311/932 kB) | quarkus-http-servlet-3.0.15.Final.jar (123/498 kB) | jakarta.servlet-api-4.0.3.jar (83 kB) | jboss-metadata-common-11.0.0.Final.jar (107/475 kB) | jboss-metadata-web-11.0.0.Final.jar (36/468 kB)Progress (5): quarkus-http-core-3.0.15.Final.jar (311/932 kB) | quarkus-http-servlet-3.0.15.Final.jar (123/498 kB) | jakarta.servlet-api-4.0.3.jar (83 kB) | jboss-metadata-common-11.0.0.Final.jar (107/475 kB) | jboss-metadata-web-11.0.0.Final.jar (38/468 kB)Progress (5): quarkus-http-core-3.0.15.Final.jar (311/932 kB) | quarkus-http-servlet-3.0.15.Final.jar (126/498 kB) | jakarta.servlet-api-4.0.3.jar (83 kB) | jboss-metadata-common-11.0.0.Final.jar (107/475 kB) | jboss-metadata-web-11.0.0.Final.jar (38/468 kB)Progress (5): quarkus-http-core-3.0.15.Final.jar (311/932 kB) | quarkus-http-servlet-3.0.15.Final.jar (126/498 kB) | jakarta.servlet-api-4.0.3.jar (83 kB) | jboss-metadata-common-11.0.0.Final.jar (107/475 kB) | jboss-metadata-web-11.0.0.Final.jar (41/468 kB)Progress (5): quarkus-http-core-3.0.15.Final.jar (311/932 kB) | quarkus-http-servlet-3.0.15.Final.jar (129/498 kB) | jakarta.servlet-api-4.0.3.jar (83 kB) | jboss-metadata-common-11.0.0.Final.jar (107/475 kB) | jboss-metadata-web-11.0.0.Final.jar (41/468 kB)Progress (5): quarkus-http-core-3.0.15.Final.jar (311/932 kB) | quarkus-http-servlet-3.0.15.Final.jar (132/498 kB) | jakarta.servlet-api-4.0.3.jar (83 kB) | jboss-metadata-common-11.0.0.Final.jar (107/475 kB) | jboss-metadata-web-11.0.0.Final.jar (41/468 kB)Progress (5): quarkus-http-core-3.0.15.Final.jar (311/932 kB) | quarkus-http-servlet-3.0.15.Final.jar (134/498 kB) | jakarta.servlet-api-4.0.3.jar (83 kB) | jboss-metadata-common-11.0.0.Final.jar (107/475 kB) | jboss-metadata-web-11.0.0.Final.jar (41/468 kB)Progress (5): quarkus-http-core-3.0.15.Final.jar (311/932 kB) | quarkus-http-servlet-3.0.15.Final.jar (137/498 kB) | jakarta.servlet-api-4.0.3.jar (83 kB) | jboss-metadata-common-11.0.0.Final.jar (107/475 kB) | jboss-metadata-web-11.0.0.Final.jar (41/468 kB)Progress (5): quarkus-http-core-3.0.15.Final.jar (311/932 kB) | quarkus-http-servlet-3.0.15.Final.jar (140/498 kB) | jakarta.servlet-api-4.0.3.jar (83 kB) | jboss-metadata-common-11.0.0.Final.jar (107/475 kB) | jboss-metadata-web-11.0.0.Final.jar (41/468 kB)Progress (5): quarkus-http-core-3.0.15.Final.jar (311/932 kB) | quarkus-http-servlet-3.0.15.Final.jar (143/498 kB) | jakarta.servlet-api-4.0.3.jar (83 kB) | jboss-metadata-common-11.0.0.Final.jar (107/475 kB) | jboss-metadata-web-11.0.0.Final.jar (41/468 kB)Progress (5): quarkus-http-core-3.0.15.Final.jar (311/932 kB) | quarkus-http-servlet-3.0.15.Final.jar (145/498 kB) | jakarta.servlet-api-4.0.3.jar (83 kB) | jboss-metadata-common-11.0.0.Final.jar (107/475 kB) | jboss-metadata-web-11.0.0.Final.jar (41/468 kB)Progress (5): quarkus-http-core-3.0.15.Final.jar (311/932 kB) | quarkus-http-servlet-3.0.15.Final.jar (148/498 kB) | jakarta.servlet-api-4.0.3.jar (83 kB) | jboss-metadata-common-11.0.0.Final.jar (107/475 kB) | jboss-metadata-web-11.0.0.Final.jar (41/468 kB)Progress (5): quarkus-http-core-3.0.15.Final.jar (311/932 kB) | quarkus-http-servlet-3.0.15.Final.jar (151/498 kB) | jakarta.servlet-api-4.0.3.jar (83 kB) | jboss-metadata-common-11.0.0.Final.jar (107/475 kB) | jboss-metadata-web-11.0.0.Final.jar (41/468 kB)Progress (5): quarkus-http-core-3.0.15.Final.jar (311/932 kB) | quarkus-http-servlet-3.0.15.Final.jar (154/498 kB) | jakarta.servlet-api-4.0.3.jar (83 kB) | jboss-metadata-common-11.0.0.Final.jar (107/475 kB) | jboss-metadata-web-11.0.0.Final.jar (41/468 kB)                                                                                                                                                                                                                                                                  Downloaded from central: https://repo.maven.apache.org/maven2/jakarta/servlet/jakarta.servlet-api/4.0.3/jakarta.servlet-api-4.0.3.jar (83 kB at 179 kB/s)
Downloading from central: https://repo.maven.apache.org/maven2/io/quarkus/quarkus-undertow-spi/1.9.0.Final/quarkus-undertow-spi-1.9.0.Final.jar
Progress (4): quarkus-http-core-3.0.15.Final.jar (311/932 kB) | quarkus-http-servlet-3.0.15.Final.jar (156/498 kB) | jboss-metadata-common-11.0.0.Final.jar (107/475 kB) | jboss-metadata-web-11.0.0.Final.jar (41/468 kB)Progress (4): quarkus-http-core-3.0.15.Final.jar (311/932 kB) | quarkus-http-servlet-3.0.15.Final.jar (159/498 kB) | jboss-metadata-common-11.0.0.Final.jar (107/475 kB) | jboss-metadata-web-11.0.0.Final.jar (41/468 kB)Progress (4): quarkus-http-core-3.0.15.Final.jar (311/932 kB) | quarkus-http-servlet-3.0.15.Final.jar (159/498 kB) | jboss-metadata-common-11.0.0.Final.jar (110/475 kB) | jboss-metadata-web-11.0.0.Final.jar (41/468 kB)Progress (4): quarkus-http-core-3.0.15.Final.jar (311/932 kB) | quarkus-http-servlet-3.0.15.Final.jar (159/498 kB) | jboss-metadata-common-11.0.0.Final.jar (112/475 kB) | jboss-metadata-web-11.0.0.Final.jar (41/468 kB)Progress (4): quarkus-http-core-3.0.15.Final.jar (311/932 kB) | quarkus-http-servlet-3.0.15.Final.jar (159/498 kB) | jboss-metadata-common-11.0.0.Final.jar (115/475 kB) | jboss-metadata-web-11.0.0.Final.jar (41/468 kB)Progress (4): quarkus-http-core-3.0.15.Final.jar (311/932 kB) | quarkus-http-servlet-3.0.15.Final.jar (159/498 kB) | jboss-metadata-common-11.0.0.Final.jar (118/475 kB) | jboss-metadata-web-11.0.0.Final.jar (41/468 kB)Progress (4): quarkus-http-core-3.0.15.Final.jar (311/932 kB) | quarkus-http-servlet-3.0.15.Final.jar (159/498 kB) | jboss-metadata-common-11.0.0.Final.jar (121/475 kB) | jboss-metadata-web-11.0.0.Final.jar (41/468 kB)Progress (4): quarkus-http-core-3.0.15.Final.jar (311/932 kB) | quarkus-http-servlet-3.0.15.Final.jar (159/498 kB) | jboss-metadata-common-11.0.0.Final.jar (123/475 kB) | jboss-metadata-web-11.0.0.Final.jar (41/468 kB)Progress (4): quarkus-http-core-3.0.15.Final.jar (311/932 kB) | quarkus-http-servlet-3.0.15.Final.jar (159/498 kB) | jboss-metadata-common-11.0.0.Final.jar (126/475 kB) | jboss-metadata-web-11.0.0.Final.jar (41/468 kB)Progress (4): quarkus-http-core-3.0.15.Final.jar (311/932 kB) | quarkus-http-servlet-3.0.15.Final.jar (159/498 kB) | jboss-metadata-common-11.0.0.Final.jar (129/475 kB) | jboss-metadata-web-11.0.0.Final.jar (41/468 kB)Progress (4): quarkus-http-core-3.0.15.Final.jar (311/932 kB) | quarkus-http-servlet-3.0.15.Final.jar (159/498 kB) | jboss-metadata-common-11.0.0.Final.jar (132/475 kB) | jboss-metadata-web-11.0.0.Final.jar (41/468 kB)Progress (4): quarkus-http-core-3.0.15.Final.jar (311/932 kB) | quarkus-http-servlet-3.0.15.Final.jar (159/498 kB) | jboss-metadata-common-11.0.0.Final.jar (134/475 kB) | jboss-metadata-web-11.0.0.Final.jar (41/468 kB)Progress (4): quarkus-http-core-3.0.15.Final.jar (319/932 kB) | quarkus-http-servlet-3.0.15.Final.jar (159/498 kB) | jboss-metadata-common-11.0.0.Final.jar (134/475 kB) | jboss-metadata-web-11.0.0.Final.jar (41/468 kB)Progress (4): quarkus-http-core-3.0.15.Final.jar (319/932 kB) | quarkus-http-servlet-3.0.15.Final.jar (159/498 kB) | jboss-metadata-common-11.0.0.Final.jar (137/475 kB) | jboss-metadata-web-11.0.0.Final.jar (41/468 kB)Progress (4): quarkus-http-core-3.0.15.Final.jar (328/932 kB) | quarkus-http-servlet-3.0.15.Final.jar (159/498 kB) | jboss-metadata-common-11.0.0.Final.jar (137/475 kB) | jboss-metadata-web-11.0.0.Final.jar (41/468 kB)Progress (4): quarkus-http-core-3.0.15.Final.jar (328/932 kB) | quarkus-http-servlet-3.0.15.Final.jar (159/498 kB) | jboss-metadata-common-11.0.0.Final.jar (140/475 kB) | jboss-metadata-web-11.0.0.Final.jar (41/468 kB)Progress (4): quarkus-http-core-3.0.15.Final.jar (328/932 kB) | quarkus-http-servlet-3.0.15.Final.jar (159/498 kB) | jboss-metadata-common-11.0.0.Final.jar (143/475 kB) | jboss-metadata-web-11.0.0.Final.jar (41/468 kB)Progress (4): quarkus-http-core-3.0.15.Final.jar (328/932 kB) | quarkus-http-servlet-3.0.15.Final.jar (159/498 kB) | jboss-metadata-common-11.0.0.Final.jar (145/475 kB) | jboss-metadata-web-11.0.0.Final.jar (41/468 kB)Progress (4): quarkus-http-core-3.0.15.Final.jar (328/932 kB) | quarkus-http-servlet-3.0.15.Final.jar (159/498 kB) | jboss-metadata-common-11.0.0.Final.jar (148/475 kB) | jboss-metadata-web-11.0.0.Final.jar (41/468 kB)Progress (4): quarkus-http-core-3.0.15.Final.jar (328/932 kB) | quarkus-http-servlet-3.0.15.Final.jar (159/498 kB) | jboss-metadata-common-11.0.0.Final.jar (151/475 kB) | jboss-metadata-web-11.0.0.Final.jar (41/468 kB)Progress (4): quarkus-http-core-3.0.15.Final.jar (328/932 kB) | quarkus-http-servlet-3.0.15.Final.jar (159/498 kB) | jboss-metadata-common-11.0.0.Final.jar (154/475 kB) | jboss-metadata-web-11.0.0.Final.jar (41/468 kB)Progress (4): quarkus-http-core-3.0.15.Final.jar (328/932 kB) | quarkus-http-servlet-3.0.15.Final.jar (159/498 kB) | jboss-metadata-common-11.0.0.Final.jar (156/475 kB) | jboss-metadata-web-11.0.0.Final.jar (41/468 kB)Progress (4): quarkus-http-core-3.0.15.Final.jar (336/932 kB) | quarkus-http-servlet-3.0.15.Final.jar (159/498 kB) | jboss-metadata-common-11.0.0.Final.jar (156/475 kB) | jboss-metadata-web-11.0.0.Final.jar (41/468 kB)Progress (4): quarkus-http-core-3.0.15.Final.jar (336/932 kB) | quarkus-http-servlet-3.0.15.Final.jar (159/498 kB) | jboss-metadata-common-11.0.0.Final.jar (159/475 kB) | jboss-metadata-web-11.0.0.Final.jar (41/468 kB)Progress (4): quarkus-http-core-3.0.15.Final.jar (344/932 kB) | quarkus-http-servlet-3.0.15.Final.jar (159/498 kB) | jboss-metadata-common-11.0.0.Final.jar (159/475 kB) | jboss-metadata-web-11.0.0.Final.jar (41/468 kB)Progress (4): quarkus-http-core-3.0.15.Final.jar (344/932 kB) | quarkus-http-servlet-3.0.15.Final.jar (159/498 kB) | jboss-metadata-common-11.0.0.Final.jar (162/475 kB) | jboss-metadata-web-11.0.0.Final.jar (41/468 kB)Progress (4): quarkus-http-core-3.0.15.Final.jar (344/932 kB) | quarkus-http-servlet-3.0.15.Final.jar (159/498 kB) | jboss-metadata-common-11.0.0.Final.jar (165/475 kB) | jboss-metadata-web-11.0.0.Final.jar (41/468 kB)Progress (4): quarkus-http-core-3.0.15.Final.jar (344/932 kB) | quarkus-http-servlet-3.0.15.Final.jar (159/498 kB) | jboss-metadata-common-11.0.0.Final.jar (167/475 kB) | jboss-metadata-web-11.0.0.Final.jar (41/468 kB)Progress (4): quarkus-http-core-3.0.15.Final.jar (344/932 kB) | quarkus-http-servlet-3.0.15.Final.jar (159/498 kB) | jboss-metadata-common-11.0.0.Final.jar (167/475 kB) | jboss-metadata-web-11.0.0.Final.jar (44/468 kB)Progress (4): quarkus-http-core-3.0.15.Final.jar (344/932 kB) | quarkus-http-servlet-3.0.15.Final.jar (159/498 kB) | jboss-metadata-common-11.0.0.Final.jar (167/475 kB) | jboss-metadata-web-11.0.0.Final.jar (47/468 kB)Progress (4): quarkus-http-core-3.0.15.Final.jar (352/932 kB) | quarkus-http-servlet-3.0.15.Final.jar (159/498 kB) | jboss-metadata-common-11.0.0.Final.jar (167/475 kB) | jboss-metadata-web-11.0.0.Final.jar (47/468 kB)Progress (4): quarkus-http-core-3.0.15.Final.jar (352/932 kB) | quarkus-http-servlet-3.0.15.Final.jar (159/498 kB) | jboss-metadata-common-11.0.0.Final.jar (167/475 kB) | jboss-metadata-web-11.0.0.Final.jar (49/468 kB)Progress (4): quarkus-http-core-3.0.15.Final.jar (352/932 kB) | quarkus-http-servlet-3.0.15.Final.jar (162/498 kB) | jboss-metadata-common-11.0.0.Final.jar (167/475 kB) | jboss-metadata-web-11.0.0.Final.jar (49/468 kB)Progress (4): quarkus-http-core-3.0.15.Final.jar (360/932 kB) | quarkus-http-servlet-3.0.15.Final.jar (162/498 kB) | jboss-metadata-common-11.0.0.Final.jar (167/475 kB) | jboss-metadata-web-11.0.0.Final.jar (49/468 kB)Progress (4): quarkus-http-core-3.0.15.Final.jar (360/932 kB) | quarkus-http-servlet-3.0.15.Final.jar (162/498 kB) | jboss-metadata-common-11.0.0.Final.jar (167/475 kB) | jboss-metadata-web-11.0.0.Final.jar (52/468 kB)Progress (4): quarkus-http-core-3.0.15.Final.jar (360/932 kB) | quarkus-http-servlet-3.0.15.Final.jar (165/498 kB) | jboss-metadata-common-11.0.0.Final.jar (167/475 kB) | jboss-metadata-web-11.0.0.Final.jar (52/468 kB)Progress (4): quarkus-http-core-3.0.15.Final.jar (360/932 kB) | quarkus-http-servlet-3.0.15.Final.jar (165/498 kB) | jboss-metadata-common-11.0.0.Final.jar (167/475 kB) | jboss-metadata-web-11.0.0.Final.jar (55/468 kB)Progress (4): quarkus-http-core-3.0.15.Final.jar (360/932 kB) | quarkus-http-servlet-3.0.15.Final.jar (167/498 kB) | jboss-metadata-common-11.0.0.Final.jar (167/475 kB) | jboss-metadata-web-11.0.0.Final.jar (55/468 kB)Progress (4): quarkus-http-core-3.0.15.Final.jar (360/932 kB) | quarkus-http-servlet-3.0.15.Final.jar (167/498 kB) | jboss-metadata-common-11.0.0.Final.jar (167/475 kB) | jboss-metadata-web-11.0.0.Final.jar (58/468 kB)Progress (4): quarkus-http-core-3.0.15.Final.jar (360/932 kB) | quarkus-http-servlet-3.0.15.Final.jar (170/498 kB) | jboss-metadata-common-11.0.0.Final.jar (167/475 kB) | jboss-metadata-web-11.0.0.Final.jar (58/468 kB)Progress (4): quarkus-http-core-3.0.15.Final.jar (360/932 kB) | quarkus-http-servlet-3.0.15.Final.jar (170/498 kB) | jboss-metadata-common-11.0.0.Final.jar (167/475 kB) | jboss-metadata-web-11.0.0.Final.jar (60/468 kB)Progress (4): quarkus-http-core-3.0.15.Final.jar (360/932 kB) | quarkus-http-servlet-3.0.15.Final.jar (173/498 kB) | jboss-metadata-common-11.0.0.Final.jar (167/475 kB) | jboss-metadata-web-11.0.0.Final.jar (60/468 kB)Progress (4): quarkus-http-core-3.0.15.Final.jar (369/932 kB) | quarkus-http-servlet-3.0.15.Final.jar (173/498 kB) | jboss-metadata-common-11.0.0.Final.jar (167/475 kB) | jboss-m
[...]
inal.jar (3.2 kB)Progress (4): quarkus-http-core-3.0.15.Final.jar (932 kB) | arc-processor-1.9.0.Final.jar (90/331 kB) | quarkus-arc-deployment-1.9.0.Final.jar (60/179 kB) | quarkus-security-spi-1.9.0.Final.jar (3.2 kB)Progress (4): quarkus-http-core-3.0.15.Final.jar (932 kB) | arc-processor-1.9.0.Final.jar (94/331 kB) | quarkus-arc-deployment-1.9.0.Final.jar (60/179 kB) | quarkus-security-spi-1.9.0.Final.jar (3.2 kB)Progress (4): quarkus-http-core-3.0.15.Final.jar (932 kB) | arc-processor-1.9.0.Final.jar (98/331 kB) | quarkus-arc-deployment-1.9.0.Final.jar (60/179 kB) | quarkus-security-spi-1.9.0.Final.jar (3.2 kB)Progress (4): quarkus-http-core-3.0.15.Final.jar (932 kB) | arc-processor-1.9.0.Final.jar (98/331 kB) | quarkus-arc-deployment-1.9.0.Final.jar (63/179 kB) | quarkus-security-spi-1.9.0.Final.jar (3.2 kB)Progress (4): quarkus-http-core-3.0.15.Final.jar (932 kB) | arc-processor-1.9.0.Final.jar (102/331 kB) | quarkus-arc-deployment-1.9.0.Final.jar (63/179 kB) | quarkus-security-spi-1.9.0.Final.jar (3.2 kB)Progress (4): quarkus-http-core-3.0.15.Final.jar (932 kB) | arc-processor-1.9.0.Final.jar (106/331 kB) | quarkus-arc-deployment-1.9.0.Final.jar (63/179 kB) | quarkus-security-spi-1.9.0.Final.jar (3.2 kB)Progress (4): quarkus-http-core-3.0.15.Final.jar (932 kB) | arc-processor-1.9.0.Final.jar (106/331 kB) | quarkus-arc-deployment-1.9.0.Final.jar (66/179 kB) | quarkus-security-spi-1.9.0.Final.jar (3.2 kB)Progress (4): quarkus-http-core-3.0.15.Final.jar (932 kB) | arc-processor-1.9.0.Final.jar (111/331 kB) | quarkus-arc-deployment-1.9.0.Final.jar (66/179 kB) | quarkus-security-spi-1.9.0.Final.jar (3.2 kB)Progress (4): quarkus-http-core-3.0.15.Final.jar (932 kB) | arc-processor-1.9.0.Final.jar (111/331 kB) | quarkus-arc-deployment-1.9.0.Final.jar (69/179 kB) | quarkus-security-spi-1.9.0.Final.jar (3.2 kB)Progress (4): quarkus-http-core-3.0.15.Final.jar (932 kB) | arc-processor-1.9.0.Final.jar (115/331 kB) | quarkus-arc-deployment-1.9.0.Final.jar (69/179 kB) | quarkus-security-spi-1.9.0.Final.jar (3.2 kB)Progress (4): quarkus-http-core-3.0.15.Final.jar (932 kB) | arc-processor-1.9.0.Final.jar (115/331 kB) | quarkus-arc-deployment-1.9.0.Final.jar (71/179 kB) | quarkus-security-spi-1.9.0.Final.jar (3.2 kB)Progress (4): quarkus-http-core-3.0.15.Final.jar (932 kB) | arc-processor-1.9.0.Final.jar (115/331 kB) | quarkus-arc-deployment-1.9.0.Final.jar (74/179 kB) | quarkus-security-spi-1.9.0.Final.jar (3.2 kB)Progress (4): quarkus-http-core-3.0.15.Final.jar (932 kB) | arc-processor-1.9.0.Final.jar (115/331 kB) | quarkus-arc-deployment-1.9.0.Final.jar (77/179 kB) | quarkus-security-spi-1.9.0.Final.jar (3.2 kB)Progress (4): quarkus-http-core-3.0.15.Final.jar (932 kB) | arc-processor-1.9.0.Final.jar (115/331 kB) | quarkus-arc-deployment-1.9.0.Final.jar (80/179 kB) | quarkus-security-spi-1.9.0.Final.jar (3.2 kB)Progress (4): quarkus-http-core-3.0.15.Final.jar (932 kB) | arc-processor-1.9.0.Final.jar (115/331 kB) | quarkus-arc-deployment-1.9.0.Final.jar (82/179 kB) | quarkus-security-spi-1.9.0.Final.jar (3.2 kB)Progress (4): quarkus-http-core-3.0.15.Final.jar (932 kB) | arc-processor-1.9.0.Final.jar (115/331 kB) | quarkus-arc-deployment-1.9.0.Final.jar (85/179 kB) | quarkus-security-spi-1.9.0.Final.jar (3.2 kB)Progress (4): quarkus-http-core-3.0.15.Final.jar (932 kB) | arc-processor-1.9.0.Final.jar (115/331 kB) | quarkus-arc-deployment-1.9.0.Final.jar (88/179 kB) | quarkus-security-spi-1.9.0.Final.jar (3.2 kB)Progress (4): quarkus-http-core-3.0.15.Final.jar (932 kB) | arc-processor-1.9.0.Final.jar (115/331 kB) | quarkus-arc-deployment-1.9.0.Final.jar (90/179 kB) | quarkus-security-spi-1.9.0.Final.jar (3.2 kB)Progress (4): quarkus-http-core-3.0.15.Final.jar (932 kB) | arc-processor-1.9.0.Final.jar (115/331 kB) | quarkus-arc-deployment-1.9.0.Final.jar (93/179 kB) | quarkus-security-spi-1.9.0.Final.jar (3.2 kB)Progress (4): quarkus-http-core-3.0.15.Final.jar (932 kB) | arc-processor-1.9.0.Final.jar (115/331 kB) | quarkus-arc-deployment-1.9.0.Final.jar (96/179 kB) | quarkus-security-spi-1.9.0.Final.jar (3.2 kB)Progress (4): quarkus-http-core-3.0.15.Final.jar (932 kB) | arc-processor-1.9.0.Final.jar (115/331 kB) | quarkus-arc-deployment-1.9.0.Final.jar (99/179 kB) | quarkus-security-spi-1.9.0.Final.jar (3.2 kB)Progress (4): quarkus-http-core-3.0.15.Final.jar (932 kB) | arc-processor-1.9.0.Final.jar (115/331 kB) | quarkus-arc-deployment-1.9.0.Final.jar (101/179 kB) | quarkus-security-spi-1.9.0.Final.jar (3.2 kB)Progress (4): quarkus-http-core-3.0.15.Final.jar (932 kB) | arc-processor-1.9.0.Final.jar (115/331 kB) | quarkus-arc-deployment-1.9.0.Final.jar (104/179 kB) | quarkus-security-spi-1.9.0.Final.jar (3.2 kB)Progress (4): quarkus-http-core-3.0.15.Final.jar (932 kB) | arc-processor-1.9.0.Final.jar (115/331 kB) | quarkus-arc-deployment-1.9.0.Final.jar (107/179 kB) | quarkus-security-spi-1.9.0.Final.jar (3.2 kB)Progress (4): quarkus-http-core-3.0.15.Final.jar (932 kB) | arc-processor-1.9.0.Final.jar (115/331 kB) | quarkus-arc-deployment-1.9.0.Final.jar (110/179 kB) | quarkus-security-spi-1.9.0.Final.jar (3.2 kB)Progress (4): quarkus-http-core-3.0.15.Final.jar (932 kB) | arc-processor-1.9.0.Final.jar (115/331 kB) | quarkus-arc-deployment-1.9.0.Final.jar (112/179 kB) | quarkus-security-spi-1.9.0.Final.jar (3.2 kB)Progress (4): quarkus-http-core-3.0.15.Final.jar (932 kB) | arc-processor-1.9.0.Final.jar (115/331 kB) | quarkus-arc-deployment-1.9.0.Final.jar (115/179 kB) | quarkus-security-spi-1.9.0.Final.jar (3.2 kB)Progress (4): quarkus-http-core-3.0.15.Final.jar (932 kB) | arc-processor-1.9.0.Final.jar (115/331 kB) | quarkus-arc-deployment-1.9.0.Final.jar (118/179 kB) | quarkus-security-spi-1.9.0.Final.jar (3.2 kB)Progress (4): quarkus-http-core-3.0.15.Final.jar (932 kB) | arc-processor-1.9.0.Final.jar (115/331 kB) | quarkus-arc-deployment-1.9.0.Final.jar (121/179 kB) | quarkus-security-spi-1.9.0.Final.jar (3.2 kB)Progress (4): quarkus-http-core-3.0.15.Final.jar (932 kB) | arc-processor-1.9.0.Final.jar (115/331 kB) | quarkus-arc-deployment-1.9.0.Final.jar (123/179 kB) | quarkus-security-spi-1.9.0.Final.jar (3.2 kB)Progress (5): quarkus-http-core-3.0.15.Final.jar (932 kB) | arc-processor-1.9.0.Final.jar (115/331 kB) | quarkus-arc-deployment-1.9.0.Final.jar (123/179 kB) | quarkus-security-spi-1.9.0.Final.jar (3.2 kB) | quarkus-resteasy-deployment-1.9.0.Final.jar (4.1/18 kB)Progress (5): quarkus-http-core-3.0.15.Final.jar (932 kB) | arc-processor-1.9.0.Final.jar (115/331 kB) | quarkus-arc-deployment-1.9.0.Final.jar (123/179 kB) | quarkus-security-spi-1.9.0.Final.jar (3.2 kB) | quarkus-resteasy-deployment-1.9.0.Final.jar (8.2/18 kB)Progress (5): quarkus-http-core-3.0.15.Final.jar (932 kB) | arc-processor-1.9.0.Final.jar (115/331 kB) | quarkus-arc-deployment-1.9.0.Final.jar (123/179 kB) | quarkus-security-spi-1.9.0.Final.jar (3.2 kB) | quarkus-resteasy-deployment-1.9.0.Final.jar (12/18 kB) Progress (5): quarkus-http-core-3.0.15.Final.jar (932 kB) | arc-processor-1.9.0.Final.jar (115/331 kB) | quarkus-arc-deployment-1.9.0.Final.jar (123/179 kB) | quarkus-security-spi-1.9.0.Final.jar (3.2 kB) | quarkus-resteasy-deployment-1.9.0.Final.jar (16/18 kB)Progress (5): quarkus-http-core-3.0.15.Final.jar (932 kB) | arc-processor-1.9.0.Final.jar (115/331 kB) | quarkus-arc-deployment-1.9.0.Final.jar (123/179 kB) | quarkus-security-spi-1.9.0.Final.jar (3.2 kB) | quarkus-resteasy-deployment-1.9.0.Final.jar (18 kB)                                                                                                                                                                                                                                                                     Downloaded from central: https://repo.maven.apache.org/maven2/io/quarkus/http/quarkus-http-core/3.0.15.Final/quarkus-http-core-3.0.15.Final.jar (932 kB at 908 kB/s)
Progress (4): arc-processor-1.9.0.Final.jar (119/331 kB) | quarkus-arc-deployment-1.9.0.Final.jar (123/179 kB) | quarkus-security-spi-1.9.0.Final.jar (3.2 kB) | quarkus-resteasy-deployment-1.9.0.Final.jar (18 kB)Progress (4): arc-processor-1.9.0.Final.jar (123/331 kB) | quarkus-arc-deployment-1.9.0.Final.jar (123/179 kB) | quarkus-security-spi-1.9.0.Final.jar (3.2 kB) | quarkus-resteasy-deployment-1.9.0.Final.jar (18 kB)Progress (4): arc-processor-1.9.0.Final.jar (127/331 kB) | quarkus-arc-deployment-1.9.0.Final.jar (123/179 kB) | quarkus-security-spi-1.9.0.Final.jar (3.2 kB) | quarkus-resteasy-deployment-1.9.0.Final.jar (18 kB)Progress (4): arc-processor-1.9.0.Final.jar (131/331 kB) | quarkus-arc-deployment-1.9.0.Final.jar (123/179 kB) | quarkus-security-spi-1.9.0.Final.jar (3.2 kB) | quarkus-resteasy-deployment-1.9.0.Final.jar (18 kB)Progress (4): arc-processor-1.9.0.Final.jar (131/331 kB) | quarkus-arc-deployment-1.9.0.Final.jar (126/179 kB) | quarkus-security-spi-1.9.0.Final.jar (3.2 kB) | quarkus-resteasy-deployment-1.9.0.Final.jar (18 kB)Progress (4): arc-processor-1.9.0.Final.jar (131/331 kB) | quarkus-arc-deployment-1.9.0.Final.jar (129/179 kB) | quarkus-security-spi-1.9.0.Final.jar (3.2 kB) | quarkus-resteasy-deployment-1.9.0.Final.jar (18 kB)Progress (4): arc-processor-1.9.0.Final.jar (135/331 kB) | quarkus-arc-deployment-1.9.0.Final.jar (129/179 kB) | quarkus-security-spi-1.9.0.Final.jar (3.2 kB) | quarkus-resteasy-deployment-1.9.0.Final.jar (18 kB)Progress (4): arc-processor-1.9.0.Final.jar (135/331 kB) | quarkus-arc-deployment-1.9.0.Final.jar (132/179 kB) | quarkus-security-spi-1.9.0.Final.jar (3.2 kB) | quarkus-resteasy-deployment-1.9.0.Final.jar (18 kB)Progress (4): arc-processor-1.9.0.Final.jar (139/331 kB) | quarkus-arc-deployment-1.9.0.Final.jar (132/179 kB) | quarkus-security-spi-1.9.0.Final.jar (3.2 kB) | quarkus-resteasy-deployment-1.9.0.Final.jar (18 kB)Progress (4): arc-processor-1.9.0.Final.jar (139/331 kB) | quarkus-arc-deployment-1.9.0.Final.jar (134/179 kB) | quarkus-security-spi-1.9.0.Final.jar (3.2 kB) | quarkus-resteasy-deployment-1.9.0.Final.jar (18 kB)Progress (4): arc-processor-1.9.0.Final.jar (143/331 kB) | quarkus-arc-deployment-1.9.0.Final.jar (134/179 kB) | quarkus-security-spi-1.9.0.Final.jar (3.2 kB) | quarkus-resteasy-deployment-1.9.0.Final.jar (18 kB)Progress (4): arc-processor-1.9.0.Final.jar (143/331 kB) | quarkus-arc-deployment-1.9.0.Final.jar (137/179 kB) | quarkus-security-spi-1.9.0.Final.jar (3.2 kB) | quarkus-resteasy-deployment-1.9.0.Final.jar (18 kB)Progress (4): arc-processor-1.9.0.Final.jar (147/331 kB) | quarkus-arc-deployment-1.9.0.Final.jar (137/179 kB) | quarkus-security-spi-1.9.0.Final.jar (3.2 kB) | quarkus-resteasy-deployment-1.9.0.Final.jar (18 kB)Progress (4): arc-processor-1.9.0.Final.jar (147/331 kB) | quarkus-arc-deployment-1.9.0.Final.jar (140/179 kB) | quarkus-security-spi-1.9.0.Final.jar (3.2 kB) | quarkus-resteasy-deployment-1.9.0.Final.jar (18 kB)Progress (4): arc-processor-1.9.0.Final.jar (147/331 kB) | quarkus-arc-deployment-1.9.0.Final.jar (143/179 kB) | quarkus-security-spi-1.9.0.Final.jar (3.2 kB) | quarkus-resteasy-deployment-1.9.0.Final.jar (18 kB)Progress (4): arc-processor-1.9.0.Final.jar (147/331 kB) | quarkus-arc-deployment-1.9.0.Final.jar (145/179 kB) | quarkus-security-spi-1.9.0.Final.jar (3.2 kB) | quarkus-resteasy-deployment-1.9.0.Final.jar (18 kB)Progress (4): arc-processor-1.9.0.Final.jar (147/331 kB) | quarkus-arc-deployment-1.9.0.Final.jar (148/179 kB) | quarkus-security-spi-1.9.0.Final.jar (3.2 kB) | quarkus-resteasy-deployment-1.9.0.Final.jar (18 kB)Progress (4): arc-processor-1.9.0.Final.jar (147/331 kB) | quarkus-arc-deployment-1.9.0.Final.jar (151/179 kB) | quarkus-security-spi-1.9.0.Final.jar (3.2 kB) | quarkus-resteasy-deployment-1.9.0.Final.jar (18 kB)Progress (4): arc-processor-1.9.0.Final.jar (152/331 kB) | quarkus-arc-deployment-1.9.0.Final.jar (151/179 kB) | quarkus-security-spi-1.9.0.Final.jar (3.2 kB) | quarkus-resteasy-deployment-1.9.0.Final.jar (18 kB)Progress (4): arc-processor-1.9.0.Final.jar (152/331 kB) | quarkus-arc-deployment-1.9.0.Final.jar (154/179 kB) | quarkus-security-spi-1.9.0.Final.jar (3.2 kB) | quarkus-resteasy-deployment-1.9.0.Final.jar (18 kB)Progress (4): arc-processor-1.9.0.Final.jar (156/331 kB) | quarkus-arc-deployment-1.9.0.Final.jar (154/179 kB) | quarkus-security-spi-1.9.0.Final.jar (3.2 kB) | quarkus-resteasy-deployment-1.9.0.Final.jar (18 kB)Progress (4): arc-processor-1.9.0.Final.jar (156/331 kB) | quarkus-arc-deployment-1.9.0.Final.jar (156/179 kB) | quarkus-security-spi-1.9.0.Final.jar (3.2 kB) | quarkus-resteasy-deployment-1.9.0.Final.jar (18 kB)Progress (4): arc-processor-1.9.0.Final.jar (160/331 kB) | quarkus-arc-deployment-1.9.0.Final.jar (156/179 kB) | quarkus-security-spi-1.9.0.Final.jar (3.2 kB) | quarkus-resteasy-deployment-1.9.0.Final.jar (18 kB)Progress (4): arc-processor-1.9.0.Final.jar (164/331 kB) | quarkus-arc-deployment-1.9.0.Final.jar (156/179 kB) | quarkus-security-spi-1.9.0.Final.jar (3.2 kB) | quarkus-resteasy-deployment-1.9.0.Final.jar (18 kB)Progress (4): arc-processor-1.9.0.Final.jar (164/331 kB) | quarkus-arc-deployment-1.9.0.Final.jar (159/179 kB) | quarkus-security-spi-1.9.0.Final.jar (3.2 kB) | quarkus-resteasy-deployment-1.9.0.Final.jar (18 kB)Progress (4): arc-processor-1.9.0.Final.jar (164/331 kB) | quarkus-arc-deployment-1.9.0.Final.jar (162/179 kB) | quarkus-security-spi-1.9.0.Final.jar (3.2 kB) | quarkus-resteasy-deployment-1.9.0.Final.jar (18 kB)                                                                                                                                                                                                                    Downloaded from central: https://repo.maven.apache.org/maven2/io/quarkus/quarkus-security-spi/1.9.0.Final/quarkus-security-spi-1.9.0.Final.jar (3.2 kB at 3.1 kB/s)
Progress (3): arc-processor-1.9.0.Final.jar (164/331 kB) | quarkus-arc-deployment-1.9.0.Final.jar (165/179 kB) | quarkus-resteasy-deployment-1.9.0.Final.jar (18 kB)Progress (3): arc-processor-1.9.0.Final.jar (164/331 kB) | quarkus-arc-deployment-1.9.0.Final.jar (167/179 kB) | quarkus-resteasy-deployment-1.9.0.Final.jar (18 kB)Progress (3): arc-processor-1.9.0.Final.jar (164/331 kB) | quarkus-arc-deployment-1.9.0.Final.jar (170/179 kB) | quarkus-resteasy-deployment-1.9.0.Final.jar (18 kB)Progress (3): arc-processor-1.9.0.Final.jar (164/331 kB) | quarkus-arc-deployment-1.9.0.Final.jar (173/179 kB) | quarkus-resteasy-deployment-1.9.0.Final.jar (18 kB)Progress (3): arc-processor-1.9.0.Final.jar (164/331 kB) | quarkus-arc-deployment-1.9.0.Final.jar (175/179 kB) | quarkus-resteasy-deployment-1.9.0.Final.jar (18 kB)Progress (3): arc-processor-1.9.0.Final.jar (164/331 kB) | quarkus-arc-deployment-1.9.0.Final.jar (178/179 kB) | quarkus-resteasy-deployment-1.9.0.Final.jar (18 kB)Progress (3): arc-processor-1.9.0.Final.jar (168/331 kB) | quarkus-arc-deployment-1.9.0.Final.jar (178/179 kB) | quarkus-resteasy-deployment-1.9.0.Final.jar (18 kB)Progress (3): arc-processor-1.9.0.Final.jar (168/331 kB) | quarkus-arc-deployment-1.9.0.Final.jar (179 kB) | quarkus-resteasy-deployment-1.9.0.Final.jar (18 kB)    Progress (3): arc-processor-1.9.0.Final.jar (172/331 kB) | quarkus-arc-deployment-1.9.0.Final.jar (179 kB) | quarkus-resteasy-deployment-1.9.0.Final.jar (18 kB)Progress (3): arc-processor-1.9.0.Final.jar (176/331 kB) | quarkus-arc-deployment-1.9.0.Final.jar (179 kB) | quarkus-resteasy-deployment-1.9.0.Final.jar (18 kB)Progress (3): arc-processor-1.9.0.Final.jar (180/331 kB) | quarkus-arc-deployment-1.9.0.Final.jar (179 kB) | quarkus-resteasy-deployment-1.9.0.Final.jar (18 kB)Progress (3): arc-processor-1.9.0.Final.jar (184/331 kB) | quarkus-arc-deployment-1.9.0.Final.jar (179 kB) | quarkus-resteasy-deployment-1.9.0.Final.jar (18 kB)Progress (3): arc-processor-1.9.0.Final.jar (188/331 kB) | quarkus-arc-deployment-1.9.0.Final.jar (179 kB) | quarkus-resteasy-deployment-1.9.0.Final.jar (18 kB)Progress (3): arc-processor-1.9.0.Final.jar (193/331 kB) | quarkus-arc-deployment-1.9.0.Final.jar (179 kB) | quarkus-resteasy-deployment-1.9.0.Final.jar (18 kB)Progress (3): arc-processor-1.9.0.Final.jar (197/331 kB) | quarkus-arc-deployment-1.9.0.Final.jar (179 kB) | quarkus-resteasy-deployment-1.9.0.Final.jar (18 kB)                                                                                                                                                                Downloaded from central: https://repo.maven.apache.org/maven2/io/quarkus/quarkus-resteasy-deployment/1.9.0.Final/quarkus-resteasy-deployment-1.9.0.Final.jar (18 kB at 17 kB/s)
Progress (2): arc-processor-1.9.0.Final.jar (201/331 kB) | quarkus-arc-deployment-1.9.0.Final.jar (179 kB)Progress (2): arc-processor-1.9.0.Final.jar (205/331 kB) | quarkus-arc-deployment-1.9.0.Final.jar (179 kB)Progress (2): arc-processor-1.9.0.Final.jar (209/331 kB) | quarkus-arc-deployment-1.9.0.Final.jar (179 kB)Progress (2): arc-processor-1.9.0.Final.jar (213/331 kB) | quarkus-arc-deployment-1.9.0.Final.jar (179 kB)Progress (2): arc-processor-1.9.0.Final.jar (217/331 kB) | quarkus-arc-deployment-1.9.0.Final.jar (179 kB)Progress (2): arc-processor-1.9.0.Final.jar (221/331 kB) | quarkus-arc-deployment-1.9.0.Final.jar (179 kB)Progress (2): arc-processor-1.9.0.Final.jar (225/331 kB) | quarkus-arc-deployment-1.9.0.Final.jar (179 kB)Progress (2): arc-processor-1.9.0.Final.jar (229/331 kB) | quarkus-arc-deployment-1.9.0.Final.jar (179 kB)Progress (2): arc-processor-1.9.0.Final.jar (233/331 kB) | quarkus-arc-deployment-1.9.0.Final.jar (179 kB)Progress (2): arc-processor-1.9.0.Final.jar (238/331 kB) | quarkus-arc-deployment-1.9.0.Final.jar (179 kB)Progress (2): arc-processor-1.9.0.Final.jar (242/331 kB) | quarkus-arc-deployment-1.9.0.Final.jar (179 kB)Progress (2): arc-processor-1.9.0.Final.jar (246/331 kB) | quarkus-arc-deployment-1.9.0.Final.jar (179 kB)                                                                                                          Downloaded from central: https://repo.maven.apache.org/maven2/io/quarkus/quarkus-arc-deployment/1.9.0.Final/quarkus-arc-deployment-1.9.0.Final.jar (179 kB at 163 kB/s)
Progress (1): arc-processor-1.9.0.Final.jar (250/331 kB)Progress (1): arc-processor-1.9.0.Final.jar (254/331 kB)Progress (1): arc-processor-1.9.0.Final.jar (258/331 kB)Progress (1): arc-processor-1.9.0.Final.jar (262/331 kB)Progress (1): arc-processor-1.9.0.Final.jar (266/331 kB)Progress (1): arc-processor-1.9.0.Final.jar (270/331 kB)Progress (1): arc-processor-1.9.0.Final.jar (274/331 kB)Progress (1): arc-processor-1.9.0.Final.jar (279/331 kB)Progress (1): arc-processor-1.9.0.Final.jar (283/331 kB)Progress (1): arc-processor-1.9.0.Final.jar (287/331 kB)Progress (1): arc-processor-1.9.0.Final.jar (291/331 kB)Progress (1): arc-processor-1.9.0.Final.jar (295/331 kB)Progress (1): arc-processor-1.9.0.Final.jar (299/331 kB)Progress (1): arc-processor-1.9.0.Final.jar (303/331 kB)Progress (1): arc-processor-1.9.0.Final.jar (307/331 kB)Progress (1): arc-processor-1.9.0.Final.jar (311/331 kB)Progress (1): arc-processor-1.9.0.Final.jar (315/331 kB)Progress (1): arc-processor-1.9.0.Final.jar (319/331 kB)Progress (1): arc-processor-1.9.0.Final.jar (324/331 kB)Progress (1): arc-processor-1.9.0.Final.jar (328/331 kB)Progress (1): arc-processor-1.9.0.Final.jar (331 kB)                                                        Downloaded from central: https://repo.maven.apache.org/maven2/io/quarkus/arc/arc-processor/1.9.0.Final/arc-processor-1.9.0.Final.jar (331 kB at 263 kB/s)
2020-10-23 16:54:26,269 INFO  [io.quarkus] (main) Quarkus 1.9.0.Final on JVM started in 2.646s. Listening on: http://0.0.0.0:8081
2020-10-23 16:54:26,274 INFO  [io.quarkus] (main) Profile test activated. 
2020-10-23 16:54:26,275 INFO  [io.quarkus] (main) Installed features: [cdi, resteasy]
]]></system-out>
  </testcase>
  <testcase name="testGreetingEndpoint" classname="org.acme.getting.started.GreetingResourceTest" time="0.027"/>
</testsuite>